<?xml version="1.0" encoding="UTF-8"?>
<testsuite xmlns:xsi="http://www.w3.org/2001/XMLSchema-instance" xsi:noNamespaceSchemaLocation="https://maven.apache.org/surefire/maven-failsafe-plugin/xsd/failsafe-test-report-3.0.xsd" version="3.0" name="Tests.AttachmentTest" time="1.3" tests="1" errors="0" skipped="0" failures="0">
  <properties>
[...]
</properties>
  <testcase name="addAttachment" classname="Tests.AttachmentTest" time="1.257">
    <system-out><![CDATA[17:03:07.056 [main] DEBUG net.thucydides.core.steps.StepEventBus - Test suite started for class Tests.AttachmentTest
17:03:07.056 [main] INFO  - Test Suite Started: Attachment test
17:03:07.056 [main] INFO  - 
  _____   ___   ___   _____     ___   _____     _     ___   _____   ___   ___  
 |_   _| | __| / __| |_   _|   / __| |_   _|   /_\   | _ \ |_   _| | __| |   \ 
   | |   | _|  \__ \   | |     \__ \   | |    / _ \  |   /   | |   | _|  | |) |
   |_|   |___| |___/   |_|     |___/   |_|   /_/ \_\ |_|_\   |_|   |___| |___/ 

addAttachment
--------------------------------------------------------------------------------
17:03:07.101 [main] DEBUG net.thucydides.core.steps.StepInterceptor - STARTING STEP: AttachmentTest.addAttachment - addAttachment
17:03:07.150 [Finalizer] DEBUG org.apache.http.impl.conn.DefaultClientConnection - Connection 0.0.0.0:56565<->104.192.137.19:443 closed
17:03:07.154 [Finalizer] DEBUG org.apache.http.impl.conn.DefaultClientConnection - Connection 0.0.0.0:56568<->104.192.137.19:443 closed
17:03:07.154 [Finalizer] DEBUG org.apache.http.impl.conn.DefaultClientConnection - Connection 0.0.0.0:56567<->104.192.137.19:443 closed
17:03:07.223 [main] DEBUG org.apache.http.impl.conn.BasicClientConnectionManager - Get connection for route {s}->https://ritesh21.atlassian.net:443
17:03:07.223 [main] DEBUG org.apache.http.impl.conn.DefaultClientConnectionOperator - Connecting to ritesh21.atlassian.net:443
17:03:07.525 [main] DEBUG org.apache.http.client.protocol.RequestAddCookies - CookieSpec selected: ignoreCookies
17:03:07.525 [main] DEBUG org.apache.http.client.protocol.RequestAuthCache - Auth cache not set in the context
17:03:07.525 [main] DEBUG org.apache.http.client.protocol.RequestProxyAuthentication - Proxy auth state: UNCHALLENGED
17:03:07.529 [main] DEBUG org.apache.http.impl.client.DefaultHttpClient - Attempt 1 to execute request
17:03:07.529 [main] DEBUG org.apache.http.impl.conn.DefaultClientConnection - Sending request: POST /%2F%2Frest/api/2/issue/10022/attachments HTTP/1.1
17:03:07.529 [main] DEBUG org.apache.http.wire -  >> "POST /%2F%2Frest/api/2/issue/10022/attachments HTTP/1.1[\r][\n]"
17:03:07.529 [main] DEBUG org.apache.http.wire -  >> "Authorization: Basic cml0ZXNocmFuamFubWlzaHJhOTM4QGdtYWlsLmNvbTpmbk5xY2JFZTRUWGY4bnJtOUltRDkwNzg=[\r][\n]"
17:03:07.529 [main] DEBUG org.apache.http.wire -  >> "Accept: */*[\r][\n]"
17:03:07.529 [main] DEBUG org.apache.http.wire -  >> "X-Atlassian-Token: nocheck[\r][\n]"
17:03:07.530 [main] DEBUG org.apache.http.wire -  >> "Content-Length: 12207[\r][\n]"
17:03:07.530 [main] DEBUG org.apache.http.wire -  >> "Content-Type: multipart/form-data; boundary=1LT-tt6PTkgDDquoLAnEh-Oz8pG6wEi[\r][\n]"
17:03:07.530 [main] DEBUG org.apache.http.wire -  >> "Host: ritesh21.atlassian.net[\r][\n]"
17:03:07.530 [main] DEBUG org.apache.http.wire -  >> "Connection: Keep-Alive[\r][\n]"
17:03:07.530 [main] DEBUG org.apache.http.wire -  >> "User-Agent: Apache-HttpClient/4.5.13 (Java/11.0.13)[\r][\n]"
17:03:07.530 [main] DEBUG org.apache.http.wire -  >> "Accept-Encoding: gzip,deflate[\r][\n]"
17:03:07.530 [main] DEBUG org.apache.http.wire -  >> "[\r][\n]"
17:03:07.530 [main] DEBUG org.apache.http.headers - >> POST /%2F%2Frest/api/2/issue/10022/attachments HTTP/1.1
17:03:07.530 [main] DEBUG org.apache.http.headers - >> Authorization: Basic cml0ZXNocmFuamFubWlzaHJhOTM4QGdtYWlsLmNvbTpmbk5xY2JFZTRUWGY4bnJtOUltRDkwNzg=
17:03:07.530 [main] DEBUG org.apache.http.headers - >> Accept: */*
17:03:07.530 [main] DEBUG org.apache.http.headers - >> X-Atlassian-Token: nocheck
17:03:07.530 [main] DEBUG org.apache.http.headers - >> Content-Length: 12207
17:03:07.530 [main] DEBUG org.apache.http.headers - >> Content-Type: multipart/form-data; boundary=1LT-tt6PTkgDDquoLAnEh-Oz8pG6wEi
17:03:07.530 [main] DEBUG org.apache.http.headers - >> Host: ritesh21.atlassian.net
17:03:07.530 [main] DEBUG org.apache.http.headers - >> Connection: Keep-Alive
17:03:07.530 [main] DEBUG org.apache.http.headers - >> User-Agent: Apache-HttpClient/4.5.13 (Java/11.0.13)
17:03:07.530 [main] DEBUG org.apache.http.headers - >> Accept-Encoding: gzip,deflate
17:03:07.530 [main] DEBUG org.apache.http.wire -  >> "--"
17:03:07.530 [main] DEBUG org.apache.http.wire -  >> "1LT-tt6PTkgDDquoLAnEh-Oz8pG6wEi"
17:03:07.530 [main] DEBUG org.apache.http.wire -  >> "[\r][\n]"
17:03:07.530 [main] DEBUG org.apache.http.wire -  >> "Content-Disposition"
17:03:07.530 [main] DEBUG org.apache.http.wire -  >> ": "
17:03:07.530 [main] DEBUG org.apache.http.wire -  >> "form-data; name="file"; filename="file.docx""
17:03:07.530 [main] DEBUG org.apache.http.wire -  >> "[\r][\n]"
17:03:07.530 [main] DEBUG org.apache.http.wire -  >> "Content-Type"
17:03:07.530 [main] DEBUG org.apache.http.wire -  >> ": "
17:03:07.530 [main] DEBUG org.apache.http.wire -  >> "application/octet-stream"
17:03:07.530 [main] DEBUG org.apache.http.wire -  >> "[\r][\n]"
17:03:07.530 [main] DEBUG org.apache.http.wire -  >> "Content-Transfer-Encoding"
17:03:07.530 [main] DEBUG org.apache.http.wire -  >> ": "
17:03:07.530 [main] DEBUG org.apache.http.wire -  >> "binary"
17:03:07.530 [main] DEBUG org.apache.http.wire -  >> "[\r][\n]"
17:03:07.530 [main] DEBUG org.apache.http.wire -  >> "[\r][\n]"
17:03:07.546 [main] DEBUG org.apache.http.wire -  >> "PK[0x3][0x4][0x14][0x0][0x6][0x0][0x8][0x0][0x0][0x0]![0x0][0xdf][0xa4][0xd2]lZ[0x1][0x0][0x0] [0x5][0x0][0x0][0x13][0x0][0x8][0x2][Content_Types].xml [0xa2][0x4][0x2]([0xa0][0x0][0x2][0x0][0x0][0x0][0x0][0x0][0x0][0x0][0x0][0x0][0x0][0x0][0x0][0x0][0x0][0x0][0x0][0x0][0x0][0x0][0x0][0x0][0x0][0x0][0x0][0x0][0x0][0x0][0x0][0x0][0x0][0x0][0x0][0x0][0x0][0x0][0x0][0x0][0x0][0x0][0x0][0x0][0x0][0x0][0x0][0x0][0x0][0x0][0x0][0x0][0x0][0x0][0x0][0x0][0x0][0x0][0x0][0x0][0x0][0x0][0x0][0x0][0x0][0x0][0x0][0x0][0x0][0x0][0x0][0x0][0x0][0x0][0x0][0x0][0x0][0x0][0x0][0x0][0x0][0x0][0x0][0x0][0x0][0x0][0x0][0x0][0x0][0x0][0x0][0x0][0x0][0x0][0x0][0x0][0x0][0x0][0x0][0x0][0x0][0x0][0x0][0x0][0x0][0x0][0x0][0x0][0x0][0x0][0x0][0x0][0x0][0x0][0x0][0x0][0x0][0x0][0x0][0x0][0x0][0x0][0x0][0x0][0x0][0x0][0x0][0x0][0x0][0x0][0x0][0x0][0x0][0x0][0x0][0x0][0x0][0x0][0x0][0x0][0x0][0x0][0x0][0x0][0x0][0x0][0x0][0x0][0x0][0x0][0x0][0x0][0x0][0x0][0x0][0x0][0x0][0x0][0x0][0x0][0x0][0x0][0x0][0x0][0x0][0x0][0x0][0x0][0x0][0x0][0x0][0x0][0x0][0x0][0x0][0x0][0x0][0x0][0x0][0x0][0x0][0x0][0x0][0x0][0x0][0x0][0x0][0x0][0x0][0x0][0x0][0x0][0x0][0x0][0x0][0x0][0x0][0x0][0x0][0x0][0x0][0x0][0x0][0x0][0x0][0x0][0x0][0x0][0x0][0x0][0x0][0x0][0x0][0x0][0x0][0x0][0x0][0x0][0x0][0x0][0x0][0x0][0x0][0x0][0x0][0x0][0x0][0x0][0x0][0x0][0x0][0x0][0x0][0x0][0x0][0x0][0x0][0x0][0x0][0x0][0x0][0x0][0x0][0x0][0x0][0x0][0x0][0x0][0x0][0x0][0x0][0x0][0x0][0x0][0x0][0x0][0x0][0x0][0x0][0x0][0x0][0x0][0x0][0x0][0x0][0x0][0x0][0x0][0x0][0x0][0x0][0x0][0x0][0x0][0x0][0x0][0x0][0x0][0x0][0x0][0x0][0x0][0x0][0x0][0x0][0x0][0x0][0x0][0x0][0x0][0x0][0x0][0x0][0x0][0x0][0x0][0x0][0x0][0x0][0x0][0x0][0x0][0x0][0x0][0x0][0x0][0x0][0x0][0x0][0x0][0x0][0x0][0x0][0x0][0x0][0x0][0x0][0x0][0x0][0x0][0x0][0x0][0x0][0x0][0x0][0x0][0x0][0x0][0x0][0x0][0x0][0x0][0x0][0x0][0x0][0x0][0x0][0x0][0x0][0x0][0x0][0x0][0x0][0x0][0x0][0x0][0x0][0x0][0x0][0x0][0x0][0x0][0x0][0x0][0x0][0x0][0x0][0x0][0x0][0x0][0x0][0x0][0x0][0x0][0x0][0x0][0x0][0x0][0x0][0x0][0x0][0x0][0x0][0x0][0x0][0x0][0x0][0x0][0x0][0x0][0x0][0x0][0x0][0x0][0x0][0x0][0x0][0x0][0x0][0x0][0x0][0x0][0x0][0x0][0x0][0x0][0x0][0x0][0x0][0x0][0x0][0x0][0x0][0x0][0x0][0x0][0x0][0x0][0x0][0x0][0x0][0x0][0x0][0x0][0x0][0x0][0x0][0x0][0x0][0x0][0x0][0x0][0x0][0x0][0x0][0x0][0x0][0x0][0x0][0x0][0x0][0x0][0x0][0x0][0x0][0x0][0x0][0x0][0x0][0x0][0x0][0x0][0x0][0x0][0x0][0x0][0x0][0x0][0x0][0x0][0x0][0x0][0x0][0x0][0x0][0x0][0x0][0x0][0x0][0x0][0x0][0x0][0x0][0x0][0x0][0x0][0x0][0x0][0x0][0x0][0x0][0x0][0x0][0x0][0x0][0x0][0x0][0x0][0x0][0x0][0x0][0x0][0x0][0x0][0x0][0x0][0x0][0x0][0x0][0x0][0x0][0x0][0x0][0x0][0x0][0x0][0x0][0x0][0x0][0x0][0x0][0x0][0x0][0x0][0x0][0x0][0x0][0x0][0x0][0x0][0x0][0x0][0x0][0x0][0x0][0xb4][0x94][0xcb]n[0xc2]0[0x10]E[0xf7][0x95][0xfa][0xf][0x91][0xb7]Ub[0xe8][0xa2][0xaa]*[0x2][0x8b]>[0x96]-R[0xe9][0x7][0x18]{[0x2]V[0xfd][0x92][0xc7][0xbc][0xfe][0xbe][0x13][0x2]QU[0x1][0x91][\n]"
17:03:07.546 [main] DEBUG org.apache.http.wire -  >> "l"%3[0xf7][0xde]3V[0xc6][0x83][0xd1][0xda][0x9a]l[0x9][0x11][0xb5]w%[0xeb][0x17]=[0x96][0x81][0x93]^i7+[0xd9][0xd7][0xe4]-d[0x19]&[0xe1][0x94]0[0xde]A[0xc9]6[0x80]l4[0xbc][0xbd][0x19]L6[0x1]0#[0xb5][0xc3][0x92][0xcd]S[\n]"
17:03:07.546 [main] DEBUG org.apache.http.wire -  >> "O[0x9c][0xa3][0x9c][0x83][0x15]X[0xf8][0x0][0x8e]*[0x95][0x8f]V$z[0x8d]3[0x1e][0x84][0xfc][0x16]3[0xe0][0xf7][0xbd][0xde][0x3][0x97][0xde]%p)O[0xb5][0x7][0x1b][0xe]^[0xa0][0x12][0xb][0x93][0xb2][0xd7]5}nH"[0x18]d[0xd9]s[0xd3]Xg[0x95]L[0x84]`[0xb4][0x14][0x89][0xea]|[0xe9][0xd4][0x9f][0x94]|[0x97]P[0x90]r[0xdb][0x83]s[0x1d][0xf0][0x8e][0x1a][0x18]?[0x98]PW[0x8e][0x7][0xec]t[0x1f]t4Q+[0xc8][0xc6]"[0xa6]wa[0xa9][0x8b][0xaf]|T\y[0xb9][0xb0][0xa4],N[0xdb][0x1c][0xe0][0xf4]U[0xa5]%[0xb4][0xfa][0xda]-D/[0x1][0x91][0xce][0xdc][0x9a][0xa2][0xad]X[0xa1][0xdd][0x9e][0xff]([0x7][0xa6][0x8d][0x1][0xbc]<E[0xe3][0xdb][0x1d][0xf])[0x91][0xe0][0x1a][0x0];[0xe7]N[0x84][0x15]L?[0xaf]F[0xf1][0xcb][0xbc][0x13][0xa4][0xa2][0xdc][0x89][0x98][0x1a][0xb8]<Fk[0xdd][0x9][0x91]h[0x3][0xa1]y[0xf6][0xcf][0xe6][0xd8][0xda][0x9c][0x8a][0xa4][0xce]q[0xf4][0x1]i[0xa3][0xe3]?[0xc6][0xde][0xaf]l[0xad][0xce]i[0xe0][0x0]1[0xe9][0xd3]][0x9b]H[0xd6]g[0xcf][0x7][0xf5]m[0xa0]@[0x1d][0xc8][0xe6][0xdb][0xfb]m[0xf8][0x3][0x0][0x0][0xff][0xff][0x3][0x0]PK[0x3][0x4][0x14][0x0][0x6][0x0][0x8][0x0][0x0][0x0]![0x0][0x1e][0x91][0x1a][0xb7][0xef][0x0][0x0][0x0]N[0x2][0x0][0x0][0xb][0x0][0x8][0x2]_rels/.rels [0xa2][0x4][0x2]([0xa0][0x0][0x2][0x0][0x0][0x0][0x0][0x0][0x0][0x0][0x0][0x0][0x0][0x0][0x0][0x0][0x0][0x0][0x0][0x0][0x0][0x0][0x0][0x0][0x0][0x0][0x0][0x0][0x0][0x0][0x0][0x0][0x0][0x0][0x0][0x0][0x0][0x0][0x0][0x0][0x0][0x0][0x0][0x0][0x0][0x0][0x0][0x0][0x0][0x0][0x0][0x0][0x0][0x0][0x0][0x0][0x0][0x0][0x0][0x0][0x0][0x0][0x0][0x0][0x0][0x0][0x0][0x0][0x0][0x0][0x0][0x0][0x0][0x0][0x0][0x0][0x0][0x0][0x0][0x0][0x0][0x0][0x0][0x0][0x0][0x0][0x0][0x0][0x0][0x0][0x0][0x0][0x0][0x0][0x0][0x0][0x0][0x0][0x0][0x0][0x0][0x0][0x0][0x0][0x0][0x0][0x0][0x0][0x0][0x0][0x0][0x0][0x0][0x0][0x0][0x0][0x0][0x0][0x0][0x0][0x0][0x0][0x0][0x0][0x0][0x0][0x0][0x0][0x0][0x0][0x0][0x0][0x0][0x0][0x0][0x0][0x0][0x0][0x0][0x0][0x0][0x0][0x0][0x0][0x0][0x0][0x0][0x0][0x0][0x0][0x0][0x0][0x0][0x0][0x0][0x0][0x0][0x0][0x0][0x0][0x0][0x0][0x0][0x0][0x0][0x0][0x0][0x0][0x0][0x0][0x0][0x0][0x0][0x0][0x0][0x0][0x0][0x0][0x0][0x0][0x0][0x0][0x0][0x0][0x0][0x0][0x0][0x0][0x0][0x0][0x0][0x0][0x0][0x0][0x0][0x0][0x0][0x0][0x0][0x0][0x0][0x0][0x0][0x0][0x0][0x0][0x0][0x0][0x0][0x0][0x0][0x0][0x0][0x0][0x0][0x0][0x0][0x0][0x0][0x0][0x0][0x0][0x0][0x0][0x0][0x0][0x0][0x0][0x0][0x0][0x0][0x0][0x0][0x0][0x0][0x0][0x0][0x0][0x0][0x0][0x0][0x0][0x0][0x0][0x0][0x0][0x0][0x0][0x0][0x0][0x0][0x0][0x0][0x0][0x0][0x0][0x0][0x0][0x0][0x0][0x0][0x0][0x0][0x0][0x0][0x0][0x0][0x0][0x0][0x0][0x0][0x0][0x0][0x0][0x0][0x0][0x0][0x0][0x0][0x0][0x0][0x0][0x0][0x0][0x0][0x0][0x0][0x0][0x0][0x0][0x0][0x0][0x0][0x0][0x0][0x0][0x0][0x0][0x0][0x0][0x0][0x0][0x0][0x0][0x0][0x0][0x0][0x0][0x0][0x0][0x0][0x0][0x0][0x0][0x0][0x0][0x0][0x0][0x0][0x0][0x0][0x0][0x0][0x0][0x0][0x0][0x0][0x0][0x0][0x0][0x0][0x0][0x0][0x0][0x0][0x0][0x0][0x0][0x0][0x0][0x0][0x0][0x0][0x0][0x0][0x0][0x0][0x0][0x0][0x0][0x0][0x0][0x0][0x0][0x0][0x0][0x0][0x0][0x0][0x0][0x0][0x0][0x0][0x0][0x0][0x0][0x0][0x0][0x0][0x0][0x0][0x0][0x0][0x0][0x0][0x0][0x0][0x0][0x0][0x0][0x0][0x0][0x0][0x0][0x0][0x0][0x0][0x0][0x0][0x0][0x0][0x0][0x0][0x0][0x0][0x0][0x0][0x0][0x0][0x0][0x0][0x0][0x0][0x0][0x0][0x0][0x0][0x0][0x0][0x0][0x0][0x0][0x0][0x0][0x0][0x0][0x0][0x0][0x0][0x0][0x0][0x0][0x0][0x0][0x0][0x0][0x0][0x0][0x0][0x0][0x0][0x0][0x0][0x0][0x0][0x0][0x0][0x0][0x0][0x0][0x0][0x0][0x0][0x0][0x0][0x0][0x0][0x0][0x0][0x0][0x0][0x0][0x0][0x0][0x0][0x0][0x0][0x0][0x0][0x0][0x0][0x0][0x0][0x0][0x0][0x0][0x0][0x0][0x0][0x0][0x0][0x0][0x0][0x0][0x0][0x0][0x0][0x0][0x0][0x0][0x0][0x0][0x0][0x0][0x0][0x0][0x0][0x0][0x0][0x0][0x0][0x0][0x0][0x0][0x0][0x0][0x0][0x0][0x0][0x0][0x0][0x0][0x0][0x0][0x0][0x0][0x0][0x0][0x0][0x0][0x0][0x0][0x0][0x0][0x0][0xac][0x92][0xc1]j[0xc3]0[0xc]@[0xef][0x83][0xfd][0x83][0xd1][0xbd]Q[0xda][0xc1][0x18][0xa3]N/c[0xd0][0xdb][0x18][0xd9][0x7][0x8][IL[0x13][0xdb][0xd8]j[0xd7][0xfe][0xfd]<[0xd8][0xd8][0x2]][0xe9]aG[0xcb][0xd2][0xd3][0x93][0xd0]zs[0x9c]Fu[0xe0][0x94]][0xf0][0x1a][0x96]U[\r][0x8a][0xbd][0x9][0xd6][0xf9]^[0xc3][[0xfb][0xbc]x[0x0][0x95][0x85][0xbc][0xa5]1x[0xd6]p[0xe2][0xc][0x9b][0xe6][0xf6]f[0xfd][0xca]#I)[0xca][0x83][0x8b]Y[0x15][0x8a][0xcf][0x1a][0x6][0x91][0xf8][0x88][0x98][0xcd][0xc0][0x13][0xe5]*D[0xf6][0xe5][0xa7][0xb]i")[0xcf][0xd4]c$[0xb3][0xa3][0x9e]qU[0xd7][0xf7][0x98]~3[0xa0][0x99]1[0xd5][0xd6]jH[{[0x7][0xaa]=E[0xbe][0x86][0x1d][0xba][0xce][0x19]~[\n]"
17:03:07.546 [main] DEBUG org.apache.http.wire -  >> "f?[0xb1][0x97]3-[0x90][0x8f][0xc2][0xde][0xb2]][0xc4]T[0xea][0x93][0xb8]2[0x8d]j)[0xf5],[0x1a]l0/%[0x9c][0x91]b[0xac][\n]"
17:03:07.546 [main] DEBUG org.apache.http.wire -  >> "[0x1a][0xf0][0xbc][0xd1][0xea]z[0xa3][0xbf][0xa7][0xc5][0x89][0x85],[0x9][0xa1][0x9][0x89]/[0xfb]|f\[0x12]Z[0xfe][0xe7][0x8a][0xe6][0x19]?6[0xef]!Y[0xb4]_[0xe1]o[0x1b][0x9c]]A[0xf3][0x1][0x0][0x0][0xff][0xff][0x3][0x0]PK[0x3][0x4][0x14][0x0][0x6][0x0][0x8][0x0][0x0][0x0]![0x0]R@9w[0xf1][0x2][0x0][0x0]([0xb][0x0][0x0][0x11][0x0][0x0][0x0]word/document.xml[0xa4][0x96][0xcd]n[0xa3]0[0x10][0x80][0xef]+[0xed]; [0xee][0xad][0xf9]I[0x8]AM[0xaa][0xaa]Q[0xaa][0x1e]V[0xaa][0xb6][0xdd][0x7]p[0x8c][0x13][0xac]b[0x1b][0xd9]NH[0xf6][0xe9]w[0xc][0x1][0xb2]K[0xb7]"[0xf4]b[0xf0][0xcf]|3[0x1e][0xcf][0x8c]}w[0xe4][0xb9]s[0xa0]J3)[0x16][0xae][0xeb][0xb9][0xe][0x15]D[0xa6]L[0xec][0x16][0xee][0xaf][0xb7][0xf5]M[0xec]:[0xda]`[0x91][0xe2]\[\n]"
17:03:07.546 [main] DEBUG org.apache.http.wire -  >> "[0xba]pOT[0xbb][0xf7][0xcb][0xef][0xdf][0xee][0xca]$[0x95]d[0xcf][0xa9]0[0xe] [0x84]N[0xca][0x82],[0xdc][0xcc][0x98]"AH[0x93][0x8c]r[0xac]o9#Jj[0xb9]5[0xb7]Dr$[0xb7][F(*[0xa5]JQ[0xe0][0xf9]^[0xf5]W(I[0xa8][0xd6][0xa0][0xef][0x11][0x8b][0x3][0xd6][0xee][0x19]G[0x8e][0xc3]h[0xa9][0xc2]%[0x8][[0xe0][0x4][0x91][0xc]+C[0x8f][0x1d][0xc3][0xbf][0x1a]2Es[0x14][0xf7]A[0xc1][0x8][0x10][0xec]0[0xf0][0xfb][0xa8][0xf0]jT[0x84][0xac]U=[0xd0]d[0x14][0x8][0xac][0xea][0x91][0xa6][0xe3]H[0x1f]l.[0x1a]G[\n]"
17:03:07.546 [main] DEBUG org.apache.http.wire -  >> "[0xfa][0xa4][0xd9]8R[0xd8]'[0xc5][0xe3]H[0xbd]p[0xe2][0xfd][0x0][0x97][0x5][0x15]0[0xb9][0x95][0x8a]c[0x3]][0xb5]C[0x1c][0xab][0xf7]}q[0x3][0xe0][0x2][0x1b][0xb6]a93'`zQ[0x83][0xc1]L[0xbc][0x8f][0xb0][0x8][0xa4]Z[0x2][0xf][0xd3][0xab][0x9]3[0xc4]eJ[0xf3]0m(r[0xe1][0xee][0x95]H[0xce][0xf2]7[0xad][0xbc]5=[0xa9][0xe5][0xcf][0x9f]V[0x82][0xe6][0xc3][0xd4][0x82][0xba]9[0xa2]G[0x93]k[0xd3][0xc8][0xaa]![0xbe][0xab][0xc5]W[0xe7][0xc2]Ry[\r])[0x9a][0x83][0x1f][0xa5][0xd0][0x19]+[0xda][0xea][0xc0][0xc7][0xd2]`2k [0x87][0xcf][0x1c]p[0xe0]y[0xb3][0xae],[0xfc][0x81][0xa9][0xf6][0xbf][0xd2][0xb6][0xaa][0x8f][0xa1][0x3][0xe]1[0xff]|v<[0xaf]-[0xff][0x9c][0xe8]{[0x3]N[0xd3]"Z[0x89]!&[0xfc][0xad][0xb3][0xb1][0x84]C[0x4]w[0x8a]G[0xb9][0xe6][0xc2][0xb9][0xfe][0xc0][0xe2][0xd3][0x0][0x82][0x1e] "t[0xe0]e[0xd1]0[0xe2]3[0x3][0x91].[0xbb]-[0x87][\r]L[0xab][0x86]S[0x9f][0x8a][0xe5][0xb0][0xce][0xb1][0xfe][0xc0][0x1a][0xf8][0xaf]1[0x17][0x0][0x9d][0x9a]4[0xbb][0x8a][0x12]4~EV[0x16][0x1b][0x9c]a[0xdd][0x6][0xba]%[0xd2][0xeb][0x8c][0x9a][0xb6][0xb8][0x13][0xbf][0xf0]Q[0xb1][0xfb]Z"<)[0xb9]/:[0x1a][0xfb][0x1a][0xed][0xb9]+[0x89][0xa5]}[0x9c]\[0xc1]:'[0xd4]e[0x92][0xeb][0xaf][0x19][0xf3][0x9a][0xe1][0x2]*%'[0xc9][0xf3]NH[0x85]79X[0x4][0xe9][0xe1]@[0x84];[0xd5][0x9][0xd8][0x16][0x2][0xc5]~[0xaa]_z[0xac][0xc6][0xed]Y;[0xb6][0xc6][0xb8]KxUmdz[0xb2][0xdf][0x2][0xe6]&I[0x81][0x15]~[0x86][0xa0][0x9c]=[0xac][0xa6]q[0xf4]8s[0xab]Q[0xb8][0x93][0x8c][0x1d][0x9d][0xae][0xc3]([0xc][0xe6]p[0xb3][0x94][0x9][0xbc][0xe0][0xd2][0x9f][0xb][0x17]6[0x16][0xf8][0x93][0xf5][0xbc][0x1d]Z[0xd1]-[0xde][0xe7][0xc6][0xce][0xcc]<[0xef]a[0x12]TZ[0x94]m[0xcc]r[0xcd]D[0xea][0x98][0x8c]i[0x7][0x1b][0x83]If[0xeb][0xe4][0x1d][0xb2]3[0xb6]UU[[0xd8][0xa5][0x9a][0x12][0xf3][0xa2]>PS[0x99][0xba]{[0xfd][\r]SPQ|n[0xef][0xb9]2[0x81][0xe0][0xf5][0xa3]8[0x8c]]T/[0xf8][0x81][0xad][0xb0][0x91]P[0xf8][0xfc][0xc9][0xc4][0xab][0xac]c[0xbb][0xcc]t[0xdd][0x8d]4F[0xf2][0xae][0x9f][0xd3][0xed][0xc5]lFqJ[0xe1][\n]"
17:03:07.546 [main] DEBUG org.apache.http.wire -  >> "[0x99]y[0xb1][0xed]n[0xa5]4[0x17][0xdd][0xdd][0xde]T][0xaf]VGd[0xae]aT[0x17][0x98][0xd0]zM5[0xc][0xef][0xd5]'e[0xdd][0x9f][0xe4]L[0xd0][0x17]f[0x8]X[0x19]F[0x95][0x10]j[0xb6]X[0xfd][0xd6]g[0x80][0xba]'[0xee][0xf2][0xf][0x0][0x0][0x0][0xff][0xff][0x3][0x0]PK[0x3][0x4][0x14][0x0][0x6][0x0][0x8][0x0][0x0][0x0]![0x0][0xd6]d[0xb3]Q[0xf4][0x0][0x0][0x0]1[0x3][0x0][0x0][0x1c][0x0][0x8][0x1]word/_rels/document.xml.rels [0xa2][0x4][0x1]([0xa0][0x0][0x1][0x0][0x0][0x0][0x0][0x0][0x0][0x0][0x0][0x0][0x0][0x0][0x0][0x0][0x0][0x0][0x0][0x0][0x0][0x0][0x0][0x0][0x0][0x0][0x0][0x0][0x0][0x0][0x0][0x0][0x0][0x0][0x0][0x0][0x0][0x0][0x0][0x0][0x0][0x0][0x0][0x0][0x0][0x0][0x0][0x0][0x0][0x0][0x0][0x0][0x0][0x0][0x0][0x0][0x0][0x0][0x0][0x0][0x0][0x0][0x0][0x0][0x0][0x0][0x0][0x0][0x0][0x0][0x0][0x0][0x0][0x0][0x0][0x0][0x0][0x0][0x0][0x0][0x0][0x0][0x0][0x0][0x0][0x0][0x0][0x0][0x0][0x0][0x0][0x0][0x0][0x0][0x0][0x0][0x0][0x0][0x0][0x0][0x0][0x0][0x0][0x0][0x0][0x0][0x0][0x0][0x0][0x0][0x0][0x0][0x0][0x0][0x0][0x0][0x0][0x0][0x0][0x0][0x0][0x0][0x0][0x0][0x0][0x0][0x0][0x0][0x0][0x0][0x0][0x0][0x0][0x0][0x0][0x0][0x0][0x0][0x0][0x0][0x0][0x0][0x0][0x0][0x0][0x0][0x0][0x0][0x0][0x0][0x0][0x0][0x0][0x0][0x0][0x0][0x0][0x0][0x0][0x0][0x0][0x0][0x0][0x0][0x0][0x0][0x0][0x0][0x0][0x0][0x0][0x0][0x0][0x0][0x0][0x0][0x0][0x0][0x0][0x0][0x0][0x0][0x0][0x0][0x0][0x0][0x0][0x0][0x0][0x0][0x0][0x0][0x0][0x0][0x0][0x0][0x0][0x0][0x0][0x0][0x0][0x0][0x0][0x0][0x0][0x0][0x0][0x0][0x0][0x0][0x0][0x0][0x0][0x0][0x0][0x0][0x0][0x0][0x0][0x0][0x0][0x0][0x0][0x0][0x0][0x0][0x0][0x0][0x0][0x0][0x0][0x0][0x0][0x0][0x0][0x0][0x0][0x0][0x0][0x0][0x0][0x0][0x0][0x0][0x0][0x0][0x0][0x0][0x0][0x0][0x0][0x0][0x0][0x0][0x0][0x0][0x0][0x0][0x0][0xac][0x92][0xcb]j[0xc3]0[0x10]E[0xf7][0x85][0xfe][0x83][0x98]}-;}PB[0xe4]lJ![0xdb][0xd6][0xfd][0x0]E[0x1e]?[0xa8],[0x9][0xcd][0xf4][0xe1][0xbf][0xaf]HI[0xeb][0xd0]`[0xba][0xf0]r[0xae][0x98]s[0xcf][0x80]6[0xdb][0xcf][0xc1][0x8a]w[0x8c][0xd4]{[0xa7][0xa0][0xc8]r[0x10][0xe8][0x8c][0xaf]{[0xd7]*x[0xa9][0x1e][0xaf][0xee]A[0x10]kWk[0xeb][0x1d]*[0x18][0x91]`[^^l[0x9e][0xd0]jNK[0xd4][0xf5][0x81]D[0xa2]8R[0xd0]1[0x87][0xb5][0x94]d:[0x1c]4e>[0xa0]K/[0x8d][0x8f][0x83][0xe6]4[0xc6]V[0x6]m^u[0x8b]r[0x95][0xe7]w2N[0x19]P[0x9e]0[0xc5][0xae]V[0x10]w[0xf5]5[0x88]j[0xc][0xf8][0x1f][0xb6]o[0x9a][0xde][0xe0][0x83]7o[0x3]:>S!?p[0xff][0x8c][0xcc][0xe9]8JX[0x1d][d[0x5][0x93]0KD[0x90][0xe7]EVK[0x8a][0xd0][0x1f][0x8b]c2[0xa7]P,[0xaa][0xc0][0xa3][0xc5][0xa9][0xc0]a[0x9e][0xab][0xbf]][0xb2][0x9e][0xd3].[0xfe][0xb6][0x1f][0xc6][0xef][0xb0][0x98]s[0xb8]Y[0xd2][0xa1][0xf1][0x8e]+[0xbd][0xb7][0x13][0x8f][0x9f][0xe8](!O>z[0xf9][0x5][0x0][0x0][0xff][0xff][0x3][0x0]PK[0x3][0x4][0x14][0x0][0x6][0x0][0x8][0x0][0x0][0x0]![0x0][0xb6][0xf4]g[0x98][0xd2][0x6][0x0][0x0][0xc9] [0x0][0x0][0x15][0x0][0x0][0x0]word/theme/theme1.xml[0xec]YK[0x8b][0x1b]G[0x10][0xbe][0x7][0xf2][0x1f][0x86][0xb9][0xcb]z[0xcd][0xe8]a[0xac]5[0xd2]H[0xf2]k[0xd7]6[0xde][0xb5][0x83][0x8f][0xbd]Rk[0xa6][0xad][0x9e]i[0xd1][0xdd][0xda][0xb5]0[0x86]`[0x9f]r[0x9][0x4][0x9c][0x90]C[0xc][0xb9][0xe5][0x10]B[0xc]1[0xc4][0xe4][0x92][0x1f]c[0xb0]I[0x9c][0x1f][0x91][0xea][0x1e]I3-[0xf5][0xc4][0x8f]][0x83][0x9][0xbb][0x82]U?[0xbe][0xaa][0xfe][0xba][0xaa][0xba][0xba]4s[0xe1][0xe2][0xfd][0x98]:G[0x98][0xb][0xc2][0x92][0x8e][=Wq[0x1d][0x9c][0x8c][0xd8][0x98]$a[0xc7][0xbd]}0,[0xb5]\GH[0x94][0x8c][0x11]e[0x9][0xee][0xb8][0xb],[0xdc][0x8b];[0x9f]v[0x1][0x9d][0x97][0x11][0x8e][0xb1][0x3][0xf2][0x89]8[0x8f]:n$[0xe5][0xec]|[0xb9],F0[0x8c][0xc4]96[0xc3][0x9][0xcc]M[0x18][0x8f][0x91][0x84].[0xf][0xcb]c[0x8e][0x8e]AoL[0xcb][0xb5]J[0xa5]Q[0x8e][0x11]I\'A1[0xa8][0xbd]1[0x99][0x90][0x11]v[0xe][0x94]Jwg[0xa5]|@[0xe1]_"[0x85][0x1a][0x18]Q[0xbe][0xaf]TcCBc[0xc7][0xd3][0xaa][0xfa][0x12][0xb][0x11]P[0xee][0x1c]![0xda]qa[0x9d]1;>[0xc0][0xf7][0xa5][0xeb]P$$Lt[0xdc][0x8a][0xfe]s[0xcb];[0x17][0xca]k!*[0xb]dsrC[0xfd][0xb7][0x94][[\n]"
17:03:07.546 [main] DEBUG org.apache.http.wire -  >> "[0x8c][0xa7]5-[0xc7][0xc3][0xc3][0xb5][0xa0][0xe7][0xf9]^[0xa3][0xbb][0xd6][0xaf][0x1]Tn[0xe3][0x6][0xcd]Ac[0xd0]X[0xeb][0xd3][0x0]4[0x1a][0xc1]NS.[0xa6][0xce]f-[0xf0][0x96][0xd8][0x1c](mZt[0xf7][0x9b][0xfd]z[0xd5][0xc0][0xe7][0xf4][0xd7][0xb7][0xf0]]_}[0xc][0xbc][0x6][0xa5]Mo[0xb]?[0x1c][0x6][0x99][\r]s[0xa0][0xb4][0xe9]o[0xe1][0xfd]^[0xbb][0xd7]7[0xf5]kP[0xda]ll[0xe1][0x9b][0x95]n[0xdf]k[0x1a]x[\r][0x8a](I[0xa6][[0xe8][0x8a][0xdf][0xa8][0x7][0xab][0xdd][0xae]![0x13]F/[[0xe1]m[0xdf][0x1b]6kKx[0x86]*[0xe7][0xa2]+[0x95]OdQ[0xac][0xc5][0xe8][0x1e][0xe3]C[0x0]h[0xe7]"I[0x12]G.fx[0x82]F[0x80][0xb][0x10]%[0x87][0x9c]8[0xbb]$[0x8c] [0xf0]f(a[0x2][0x86]+[0xb5][0xca][0xb0]R[0x87][0xff][0xea][0xe3][0xe9][0x96][0xf6](:[0x8f]QN:[0x1d][0x1a][0x89][0xad]![0xc5][0xc7][0x11]#Nf[0xb2][0xe3]^[0x5][0xad]n[0xe][0xf2][0xea][0xc5][0x8b][0x97][0x8f][0x9e][0xbf]|[0xf4][0xfb][0xcb][0xc7][0x8f]_>[0xfa]u[0xb9][0xf6][0xb6][0xdc]e[0x94][0x84]y[0xb9]7?}[0xf3][0xcf][0xd3]/[0x9d][0xbf][0xfb][0xf1][0xcd][0x93]o[0xed]x[0x91][0xc7][0xbf][0xfe][0xe5][0xab][0xd7][0xfc][0xf9]_[0xea][0xa5]A[0xeb][0xbb]g[0xaf][0x9f]?{[0xf5][0xfd][0xd7][0xfd][0xfc][0xc4][0x2][0xef]rt[0x98][0x87][0x1f][0x90][0x18][0xb][0xe7]:>vn[0xb1][0x18]6hY[0x0][0x1f][0xf2][0xf7][0x93]8[0x88][0x10][0xc9]Kt[0x93]P[0xa0][0x4])[0x19][0xb]z #[0x3]}}[0x81]([0xb2][0xe0]z[0xd8][0xb4][0xe3][0x1d][0xe][0xe9][0xc2][0x6][0xbc]4[0xbf]g[0x10][0xde][0x8f][0xf8]\[0x12][0xb][0xf0]Z[0x14][0x1b][0xc0]=[0xc6]h[0x8f]q[0xeb][0x9e][0xae][0xa9][0xb5][0xf2]V[0x98]'[0xa1]}q>[0xcf][0xe3]n!td[;[0xd8][0xf0][0xf2]`>[0x83][0xb8]'6[0x95]A[0x84][\r][0x9a]7)[0xb8][0x1c][0x85]8[0xc1][0xd2]Qsl[0x8a][0xb1]E[0xec].![0x86]][0xf7][0xc8][0x88]3[0xc1]&[0xd2][0xb9]K[0x9c][0x1e]"V[0x93][0x1c][0x90]C#[0x9a]2[0xa1][0xcb]$[0x6][0xbf],l[0x4][0xc1][0xdf][0x86]m[0xf6][0xee]8=Fm[0xea][0xfb][0xf8][0xc8]D[0xc2][0xd9]@[0xd4][0xa6][0x12]S[0xc3][0x8c][0x97][0xd0]\[0xa2][0xd8][0xca][0x18][0xc5]4[0x8f][0xdc]E2[0xb2][0x91][0xdc]_[0xf0][0x91]ap![0xc1][0xd3]![0xa6][0xcc][0x19][0x8c][0xb1][0x10]6[0x99][0x1b]|a[0xd0][0xbd][0x6]i[0xc6][0xee][0xf6]=[0xba][0x88]M$[0x97]djC[0xee]"[0xc6][0xf2][0xc8]>[0x9b][0x6][0x11][0x8a]gV[0xce]$[0x89][0xf2][0xd8]+b[\n]"
17:03:07.546 [main] DEBUG org.apache.http.wire -  >> "![0x8a][0x9c][0x9b]LZI0[0xf3][0x84][0xa8]>[0xf8][0x1]%[0x85][0xee][0xbe]C[0xb0][0xe1][0xee][0xb7][0x9f][0xed][0xdb][0x90][0x86][0xec][0x1][0xa2]f[0xe6][0xdc]v$03[0xcf][0xe3][0x82]N[0x10][0xb6])[0xef][0xf2][0xd8]H[0xb1]]N[0xac][0xd1][0xd1][0x9b][0x87]Fh[0xef]bL[0xd1]1[0x1a]c[0xec][0xdc][0xbe]b[0xc3][0xb3][0x99]a[0xf3][0x8c][0xf4][0xd5][0x8][0xb2][0xca]el[0xb3][0xcd]Ud[0xc6][0xaa][0xea]'X@[0xad][0xa4][0x8a][0x1b][0x8b]c[0x89]0Bv[0x1f][0x87][0xac][0x80][0xcf][0xde]b#[0xf1],P[0x12]#^[0xa4][0xf9][0xfa][0xd4][0xc][0x99][0x1]\u[0xb1]5^[0xe9]hj[0xa4]R[0xc2][0xd5][0xa1][0xb5][0x93][0xb8]!bc[0x85]ZoF[0xc8][0x8]+[0xd5][0x17][0xf6]x]p[0xc3][0xef]r[0xc6]"
17:03:07.546 [main] DEBUG org.apache.http.wire -  >> "@[0xe6][0xde][0x7][0xc8][0xe0][0xf7][0x96][0x81][0xc4][0xfe][0xce][0xb6]9@[0xd4]X [0xb][0x98][0x3][0x4]U[0x86]-[0xdd][0x82][0x88][0xe1][0xfe]LD[0x1d]'-6[0xb7][0xca]M[0xcc]C[0x9b][0xb9][0xa1][0xbc]Q[0xf4][0xc4]$yk[0x5][0xb4]Q[0xfb][0xf8][0x1f][0xaf][0xf6][0x81][\n]"
17:03:07.546 [main] DEBUG org.apache.http.wire -  >> "[0xe3][0xd5][0xf]O-[0xd8][0xd3][0xa9]w[0xec][0xc0][0x93]T:E[0xc9]d[0xb3][0xbe])[0xc2]mV5[0x1][0xe3]c[0xf2][0xe9][0x17]5}4Onb[0xb8]G,[0xd0][0xb3][0x9a][0xe6][0xac][0xa6][0xf9][0xdf][0xd7]4E[0xe7][0xf9][0xac][0x92]9[0xab]d[0xce]*[0x19][0xbb][0xc8]G[0xa8]d[0xb2][0xe2]E?[0x2]Z=[0xe8][0xd1]Z[0xe2][0xc2][0xa7]>[0x13]B[0xe9][0xbe]\P[0xbc]+t[0xd9]#[0xe0][0xec][0x8f][0x87]0[0xa8];Zh[0xfd][0x90]i[0x16]As[0xb9][0x9c][0x81][0xb]9[0xd2]m[0x87]3[0xf9][0x5][0x91][0xd1]~[0x84]f[0xb0]LU[0xaf][0x10][0x8a][0xa5][0xea]P83&[0xa0]p[0xd2][0xc3]V[0xdd]j[0x82][0xce][0xe3]=6NG[0xab][0xd5][0xd5]sM[0x10]@2[0x1b][0x87][0xc2]k5[0xe]e[0x9a]LG[0x1b][0xcd][0xec][0x1][0xde]Z[0xbd][0xee][0x85][0xfa]A[0xeb][0x8a][0x80][0x92]}[0x1f][0x12][0xb9][0xc5]L[0x12]u[0xb][0x89][0xe6]j[0xf0]-$[0xf4][0xce]N[0x85]E[0xdb][0xc2][0xa2][0xa5][0xd4][0x17][0xb2][0xd0]_K[0xaf][0xc0][0xe5][0xe4] [0xf5]H[0xdc][0xf7]RF[0x10]n[0x10][0xd2]c[0xe5][0xa7]T~[0xe5][0xdd]S[0xf7]t[0x91]1[0xcd]m[0xd7],[0xdb]k+[0xae][0xa7][0xe3]i[0x83]D.[0xdc]L[0x12][0xb9]0[0x8c][0xe0][0xf2][0xd8][0x1c]>e_[0xb7]3[0x97][0x1a][0xf4][0x94])[0xb6]i4[[0x1f][0xc3][0xd7]*[0x89]l[0xe4][0x6][0x9a][0x98]=[0xe7][0x18][0xce]\[0xdd][0x7]5#4[0xeb][0xb8][0x13][0xf8][0xc9][0x4][0xcd]x[0x6][0xfa][0x84][0xca]T[0x88][0x86]I[0xc7][0x1d][0xc9][0xa5][0xa1]?$[0xb3][0xcc][0xb8][0x90]}$[0xa2][0x14][0xa6][0xa7][0xd2][0xfd][0xc7]Db[0xee]P[0x12]C[0xac][0xe7][0xdd]@[0x93][0x8c][[0xb5][0xd6]T{[0xfc]D[0xc9][0xb5]+[0x9f][0x9e][0xe5][0xf4]W[0xde][0xc9]x2[0xc1]#Y0[0x92]ua.Ub[0x9d]=!Xu[0xd8][0x1c]H[0xef]G[0xe3]c[0xe7][0x90][0xce][0xf9]-[0x4][0x86][0xf2][0x9b]Ue[0xc0]1[0x11]rm[0xcd]1[0xe1][0xb9][0xe0][0xce][0xac][0xb8][0x91][0xae][0x96]G[0xd1]x[0xdf][0x92][0x1d]QDg[0x11]Z[0xde]([0xf9]d[0x9e][0xc2]u{M'[0xb7][0xf][0xcd]tsWf[0xb9][0x99][0xc3]P9[0xe9][0xc4][0xb7][0xee][0xdb][0x85][0xd4]D.i[0x16]\ [0xea][0xd6][0xb4][0xe7][0x8f][0x8f]w[0xc9][0xe7]Xey[0xdf]`[0x95][0xa6][0xee][0xcd]\[0xd7]^[0xe5][0xba][0xa2][[0xe2][0xe4][0x17]B[0x8e]Z[0xb6][0x98]AM1[0xb6]P[0xcb]FMj[0xa7]X[0x10][0xe4][0x96][[0x87]f[0xd1][0x1d]q[0xda][0xb7][0xc1]f[0xd4][0xaa][0xb]bUW[0xea][0xde][0xd6][0x8b]mvx[0xf]"[0xbf][0xf][0xd5][0xea][0x9c]J[0xa1][0xa9][0xc2][0xaf][0x16][0x8e][0x82][0xd5]+[0xc9]4[0x13][0xe8][0xd1]Uv[0xb9]/[0x9d]9'[0x1d][0xf7]A[0xc5][0xef]zA[0xcd][0xf]J[0x95][0x96]?(yu[0xaf]Rj[0xf9][0xdd]z[0xa9][0xeb][0xfb][0xf5][0xea][0xc0][0xaf]V[0xfa][0xbd][0xda]C0[0x8a][0x8c][0xe2][0xaa][0x9f][0xae]=[0x84][0x1f][0xfb]t[0xb1]|o[0xaf][0xc7][0xb7][0xde][0xdd][0xc7][0xab]R[0xfb][0xdc][0x88][0xc5]e[0xa6][0xeb][0xe0][0xb2][0x16][0xd6][0xef][0xee][0xab][0xb5][0xe2]w[0xf7][0xe][0x1][0xcb]<h[0xd4][0x86][0xed]z[0xbb][0xd7]([0xb5][0xeb][0xdd]a[0xc9][0xeb][0xf7]Z[0xa5]v[0xd0][0xe8][0x95][0xfa][0x8d][0xa0][0xd9][0x1f][0xf6][0x3][0xbf][0xd5][0x1e]>t[0x9d]#[\r][0xf6][0xba][0xf5][0xc0]k[0xc]Z[0xa5]F5[0x8]J^[0xa3][0xa2][0xe8][0xb7][0xda][0xa5][0xa6]W[0xab]u[0xbd]f[0xb7]5[0xf0][0xba][0xf][0x97][0xb6][0x86][0x9d][0xaf][0xbe]W[0xe6][0xd5][0xbc]v[0xfe][0x5][0x0][0x0][0xff][0xff][0x3][0x0]PK[0x3][0x4][0x14][0x0][0x6][0x0][0x8][0x0][0x0][0x0]![0x0][0xb3][0x3][0x16][0xbf][0x1f][0x4][0x0][0x0][0xd8][0xb][0x0][0x0][0x11][0x0][0x0][0x0]word/settings.xml[0xb4]V[0xdb]n[0xdb]8[0x10]}_`[0xff][0xc1][0xd0][0xf3]:[0xba]D[0x96][0x1d][0xa1]N[0x11]'[0xeb]M[0x8a][0xb8]-[0xea][0x14][0xfb]L[0x89][0x94]E[0x84][0x17][0x81][0xa4][0xec][0xb8][0xc5][0xfe][0xfb][0xe])[0xd1]r[0x9a][0xa0]HZ[0xe4][0xc5][0xa6][0xe6][0xcc][0x9c][0x19][\r][0xf][0x87]z[0xf7][0xfe][0x81][0xb3][0xd1][0x96](M[0xa5][0x98][0x7][0xf1]I[0x14][0x8c][0x88](%[0xa6]b3[0xf][0xbe][0xde]-[0xc7][0xb3]`[0xa4][\r][0x12][0x18]1)[0xc8]<[0xd8][0x13][0x1d][0xbc]?[0xff][0xf3][0x8f]w[0xbb]\[0x13]c[0xc0]M[0x8f][0x80]B[0xe8][0x9c][0x97][0xf3][0xa0]6[0xa6][0xc9][0xc3]P[0x97]5[0xe1]H[0x9f][0xc8][0x86][0x8][0x0]+[0xa9]82[0xf0][0xa8]6!G[0xea][0xbe]m[0xc6][0xa5][0xe4][\r]2[0xb4][0xa0][0x8c][0x9a]}[0x98]DQ[0x16][0xf4]4r[0x1e][0xb4]J[0xe4]=[0xc5][0x98][0xd3]RI-+cCrYU[0xb4]$[0xfd][0x9f][0x8f]P/[0xc9][0xdb][0x85]\[0xc9][0xb2][0xe5]D[0x18][0x97]1T[0x84]A[\r]R[0xe8][0x9a]6[0xda][0xb3][0xf1]_e[0x3][0xb0][0xf6]$[0xdb][0x9f][0xbd][0xc4][0x96]3[0xef][0xb7][0x8b][0xa3][0x17][0xbc][0xee]N*|[0x88]xIy6[0xa0]Q[0xb2]$Z[0xc3][0x6]q[0xe6][0xb][0xa4]bH[0x9c]>!:[0xe4]>[0x81][0xdc][0xfd]+:*[0x8][0x8f]#[0xb7]:[0xae]|[0xf2]:[0x82][0xe4][0x9]AV[0x92][0x87][0xd7]q[0xcc]z[0x8e][0x10]"[0x8f]y(~[0x1d]Ov[0xe0][0xa1]Cc[0xe3][0xec][0xd7][0x8a]9"[0xd0][0xd8][0xe0][0xfa]U,[0x89][0xef]khc[0x91]A5[0xd2][0x7][0x15]YF[0xf2][0xba][0xa2]&[0x7][0xba]=[0x1f]z[0xa4][0xd9]KT[0xd3]A[0xb7][0xb4]PHug[0xb2][0x97][0xc]/[0xf3][0x9b][0x8d][0x90][\n]"
17:03:07.546 [main] DEBUG org.apache.http.wire -  >> "[0x15][0xc][0xca][0x1][0xe9][0x8c]`[0xf7]G[0xae]:[0xfb][0xb]M[0xb4]nI[0x1e][0x9c][0xdd][0xf6]!8[0x87][0x19][0xf1]MJ>[0xda][0xe5][\r]Q%[0x1c][0x14][0x18]0Q[0x14][0x84][0x16][0x0]y[0xca]jm[0x90][0x1][0x8a]|[0xa3][0x10][0x87][0xc1]0[0xf]JF[0x90][0xe8][0x1c]0[0xa9]P[0xcb][0xcc][0x1d]*[0xd6]F6[0xe0][0xb4]E[0xf0][0x16][0xd3][0xa4][0x8f]/k[0xa4]Pi[0x88]Z7[0xa8][0x4][0x91]_Ja[0x94]d[0xde][0xf][0xcb][0x8f][0xd2]\[0xc2][0x90]Qp[0x6][0xfa][0x8]7r[0x86][0xd5][0xba][0x1b]_[0x10]![0x10][0x87][0xf7]z4[0x92]V[0x12][0xc3]|[0xd9][0xe5][0xad][0xa2]/[0xdf][0x0][0x1b][0xe0][0xb2][0xc7][0x93][0xe3][0x94]?&[0x92]0n[0x15][0xc5][0xe4][0xce][0xf6]sm[0xf6][0x8c],[0xa1][0xf8]5[0xfd]F.[0x4][0xfe][0xd0]jC[0x81][0xd1][\r][0xa6][0xdf][0xa8][0xe0]g[0x5][0x10]a3[0x2][0x5][0xdc][0xed][0x1b][0xb2]$[0xc8][0xb4][0xd0][0xa6]7J[0xe6]vb[0xc9]h[0xb3][0xa2]JIu#0[0x8][0xe1][0xcd][0x92][0xd1][0xaa]"[\n]"
17:03:07.546 [main] DEBUG org.apache.http.wire -  >> "[0x12]P[0x10][0xd6][\n]"
17:03:07.546 [main] DEBUG org.apache.http.wire -  >> "[0xe4]C[0x95][0xdc][0xb9]>_[0x13][0x84][0xe1][0x96]{[0xa3][0xbc][0xad]&[0xff][0x82]3[0x1c][0xc0][0xd3];[0x90][0xe5][0xfd]B[0x1a]#[0xf9][0xf5][0xbe][0xa9][0xa1][0xd7][0xbf][0xb7][0x93]N[0xef][0xe1][0xb1]|[0xe1][0xae][0xc6][0xda]/[0xbe]Hi[0xe][0xae][0xd1][0xd9]2;[0xcd][0xa6]][0xa5][0x16][0x1d][0x90],[0x89][0xd3][0xe5][0xd9]s[0xc8]4[0x8a].[0xd2][0xe4]9d`[0xb][0xf]Yyn[0xef][0xb9][0xcf][0xca][0xaf][0xac]tG[0xbc][0x8b][0xb8]D[0xbc]P[0x14][0x8d]V[0xf6]&[0xc][0xad]G[0xa1][0xee][0x17]Tx[0xbc] 0n[0xc8]1[0xb2]n[0xb][0xf][0x8e][0xc7][0x1d][0xa0]9bl[0x9]M[0xf4][0x80]k[0x0][0xcf]1[0xd5][0xcd][0x15][0xa9][0xdc][0x9a][0xad][0x90][0xda][0xc][0xbc][0xbd][0x87]z[0xd6][\n]"
17:03:07.546 [main] DEBUG org.apache.http.wire -  >> "s[0xe4][0xc3][0x81][0xcb][0xe]![0xa2][0xfe]Q[0xb2]m:t[0xa7]P[0xd3]I[0xd2][0xbb][0xc4]i[0xda]GRan)[0xf7]v[0xdd][0x16]k[0x1f]%`@[0x1e]A[0xad][0xc0][0x9f][0xb6][0xca][0xf5]ih[0xcf].7[0xb0][0xc5][0xee]h[0xdf]"'[0x15][0xe7]K[0xc4][0xf8][0xe6]c/%[0xa6][0xd6]V[0x6]d[0x85][0x9a][0xa6]SS[0xb1][0x89][0xe7][0x1][0xa3][0x9b][0xda][0xc4]V[0x0][0x6][0x9e]0|0[0xb9][0x87]b[0x93][0xf4]X[0xe2][0xb0][0xa4][0xc3][0xdc][0x3]*[0xed][0x9b][0x81]w[0xbf][0x18]l[0x89][0xb7][0x1d][0xf9][0x9d]z[0xdb][0xe9]`K[0xbd]-[0x1d]l[0x13]o[0x9b][0xc][0xb6][0xcc][0xdb]2k[0xab]a~(F[0xc5]=[0x8][0xdb]/[0xad][0xbd][0x92][0x8c][0xc9][0x1d][0xc1][0xd7][0x3][0xfe][0xc4][0xd4]5A[0xd7][0xa8]!W[0xdd][0xac][0x7]y[0xc9][0xce][0xd0][0xf]=[0xda][0xe6][0xe4][0x1][0xae][\r][0x82][0xa9][0x81][0xef][0xd0][0x86]b[0x8e][0x1e][0xec]-[0x92]d6[0xbc][0xf7]fh/[[0xf3][0xc8][0xd7]b[0xd6][0xb9]y[0xcc]`o[0xd8][0xfe]([0x87][0x8f][0x82][0x9d][0xc4][0xa8][0xc5][0xde]A%[0x5]9[0xae][0xf7][0xbc][0x18][0xae][0x96][0x93][0xae]pF5[0x8c][0x81][0x6]n!#[0x95][0xc7][0xfe]rX[0x9c][0xe6]X[0x96]7[0xf6]VL;{r9[0x9d][0xc5]Y[0xd6][0x9d][0xbf]x[0xe2]n/[0xe3]&[0x5][0xec][0xfb][0x17]R-[0x90]&[0xb8][0xc7]|[0xe8][0xa4][0xb][0xfd][0x9e][0xa5][0xe9]4[.[0xa6][0xe3]i[0xb2][0xb8][0x18][0xa7][0xf1]2[0x1d]/[0x16][0xb3]h[0x1c][0xfd]}5[0x8b]&[0xe9][0xd9]E<[0x8b][0xff][0xeb][0xf][0xa9][0xff]$?[0xff][0x1f][0x0][0x0][0xff][0xff][0x3][0x0]PK[0x3][0x4][0x14][0x0][0x6][0x0][0x8][0x0][0x0][0x0]![0x0]C[0xa4]l[0x96][0x87][0xb][0x0][0x0][0xf]s[0x0][0x0][0xf][0x0][0x0][0x0]word/styles.xml[0xbc][0x9d][s[0xdb][0xba][0x11][0xc7][0xdf];[0xd3][0xef][0xc0][0xd1]S[0xfb][0x90][0xc8]W9[0xc9][0x1c][0xe7][0x8c][0xe3]$[0xb5][0xa7][0xb6][0x8f]O[0xe4]4[0xcf][0x10][0x9]Y[0xa8]AB[0xe5][0xc5][0x97]~[0xfa][0x2] %A^[0x82][0xe2][0x82][[0xbf]$[0xd6]e[0x0][0xf1][0xc7][0x89][0xe5]M[0xbf][0xfd][0xfe][0x9c][0xca][0xe8][0x91][0xe7][0x85]P[0xd9][0xe9]h[0xff][0xfd][0xde]([0xe2]Y[0xac][0x12][0x91][0xdd][0x9f][0x8e]~[0xde]}[0xf7]a[0x14][0x15]%[0xcb][0x12]&U[0xc6]OG/[0xbc][0x18][0xfd][0xfe][0xf9][0xaf][0xf9][0xed][0xe9]SQ[0xbe]H^D[0x1a][0x90][0x15][0x9f][0xd2][0xf8]t[0xb4]([0xcb][0xe5][0xa7][0xf1][0xb8][0x88][0x17]<e[0xc5]{[0xb5][0xe4][0x99][0xfe]p[0xae][0xf2][0x94][0x95][0xfa]e~?NY[0xfe]P-[0xdf][0xc5]*][0xb2]R[0xcc][0x84][0x14][0xe5][0xcb][0xf8]`oo2j0y[0x1f][0x8a][0x9a][0xcf]E[0xcc][0xbf][0xaa][0xb8]JyV[0xda][0xf8]q[0xce][0xa5]&[0xaa][0xac]X[0x88]e[0xb1][0xa2]=[0xf5][0xa1]=[0xa9]<Y[0xe6]*[0xe6]E[0xa1]7:[0x95]5/e"[c[0xf6][0x8f][0x0]([0x15]q[0xae][\n]"
17:03:07.546 [main] DEBUG org.apache.http.wire -  >> "5/[0xdf][0xeb][0x8d]izdQ:|[0xcf][0xfe][0x95][0xca][\r][0xe0][0x18][0x7]8[0x0][0x80]I[0xcc][0x9f]q[0x8c][0xf][\r]c[0xac]#][0x8e]Hp[0x9c][0xc9][0x9a]#[0x12][0x87][0x13][0xd6][0x19][0x7]P$e[0xb2]@Q[0xe]V[0xe3]:6[0xb1][0xac]d[0xb]V,\"[0xc7]u[0xea]x[0x8d]{I[0xcd][0x18][0xa5][0xf1][0xa7][0xcb][0xfb]L[0xe5]l&5I[0xab][0x1e]i[0xe1]"[0xb]6[0xff][0xea][0xed]7[0xff][0xd9]?[0xf9][0xb3]}[0xdf]l[0xc2][0xe8][0xb3][0xf6]B[0xa2][0xe2][0xaf]|[0xce]*Y[0x16][0xe6]e~[0x9b]7/[0x9b]W[0xf6][0xbf][0xef]*+[0x8b][0xe8][0xe9][0x13]+b![0xee]t[0x7]u+[0xa9][0xd0][\r]^[0x9c]e[0x85][0x18][0xe9]O8+[0xca][0xb3]B[0xb0][0xd6][0xf][0x17][0xe6][0x8f][0xd6]O[0xe2][0xa2]t[0xde][0xfe]"[0x12]1[0x1a][0x9b][0x16][0x8b][0xff][0xea][0xf][0x1f][0x99]<[0x1d][0x1d][0x1c][0xac][0xde]97=[0xd8]zO[0xb2][0xec]~[0xf5][0x1e][0xcf][0xde]][0xde][0xb8]=[0xb1]o[0xfd][0x9c][0x9a][0xb7]f[0x9a]{:b[0xf9][0xbb][0xe9][0x99][0x9][0x1c]7[0x1b]V[0xff][0xef]l[0xee][0xf2][0xf5]+[0xdb][0xf0][0x92][0xc5][0xc2][0xb6][0xc3][0xe6]%[0xd7]6[0xdf][0x9f][0xec][0x19][0xa8][0x14]&[0xab][0x1c][0x1c]\[0xbd][0xf8]Q[0x99][0xc1]gU[0xa9][0x9a]F,[0xa0][0xfe][0x8d][0x1d][0x83][0x11][0xd7][0xee][0xd7][0xb9]`Z[0xa7]$[0xfd])[0x9f]_[0xa9][0xf8][0x81]'[0xd3]Rp:[0xb2]m[0xe9]7^[0xde][0xe6]B[0xe5]:[0xed][0x9c][0x8e]>[0xda]6[0xf5][0x9b]S[0x9e][0x8a][0xb][0x91]$<s[0xbe][0x98]-D[0xc2]-x[0xf6][0xb3][0xe0][0xc9][0xe6][0xfd]?[0xbf][0xdb][0xd4][0xd1][0xbc][0x11][0xab]*[0xd3][0x1f][0x9e]L[0xec],[0x90]E[0xf2][0xed]9[0xe6]K[0x93][0x88][0xf4][0xa7][0x19]3[0x9a][0xdc][0x98][0x0]i[0xbe]][0x89]M[0xe3]6[0xfc]?+[0xd8]~[0xa3]D[[0xfc][0x82]3[0x93][0x8d][0xa3][0xfd][0xd7][0x8][0xdb]}[0x14][0xe2][0xc0]D[0x14][0xce][0xd6][0xb6]3[0xab]W[0xdb]n[0xbf][0x85]j[0xe8][0xf0][0xad][0x1a]:z[0xab][0x86][0x8e][0xdf][0xaa][0xa1][0xc9][5t[0xf2]V[\r]}x[0xab][0x86],[0xe6][0xff][0xd9][0x90][0xc8][0x12][0x9d][0xf8][0xed][0xf7]a3[0x80][0xba][0x8b][0xe3]q#[0x9a][0xe3]1[0x1b][0x9a][0xe3][0xf1][0x12][0x9a][0xe3][0xb1][\n]"
17:03:07.546 [main] DEBUG org.apache.http.wire -  >> "[0x9a][0xe3]q[0x2][0x9a][0xe3][0x99][0xe8]h[0x8e]g[0x1e][0xa3]9[0x9e]i[0x8a][0xe0][0x94]*[0xf6][0xcd]Bg[0xb2][0x1f]zf{7w[0xf7]>"[0x8c][0xbb]{[0x97][0x10][0xc6][0xdd][0xbd][0x7][0x8][0xe3][0xee]N[0xf8]a[0xdc][0xdd][0xf9]=[0x8c][0xbb];[0x9d][0x87]qwg[0xef]0[0xee][0xee]d[0x8d][0xe7][0xd6]K[0xad][0xe8]R[0xdb],+[0x7][0xbb]l[0xae]T[0x99][0xa9][0x92]G%[0x1e]Nc[0x99]f[0xd9][0x12][0x95][0x86]gvz<'[0xd9]H[0x2]L[0x9d][0xd9][0x9a][0x1d][0xf1]`Z[0xcc][0xec][0xeb][0xdd]3[0xc4][0x9a]4|^[0x9a]J/R[0xf3]h.[0xee][0xab][0x9c][0x17][0x83];[0xce][0xb3]G.[0xd5][0x92]G,I4[0x8f][0x10][0x98][0xf3][0xb2][0xca]=#[0x12]2[0xa7]s>[0xe7]9[0xcf]bN9[0xb1][0xe9][0xa0][0xa6][0x12][0x8c][0xb2]*[0x9d][0x11][0xcc][0xcd]%[0xbb]'c[0xf1],![0x1e][0xbe][0x15][0x91]$)[0xac]'[0xb4][0xae][0x9f][0x17][0xc6]$[0x82]`R[0xa7],[0xce][0xd5][0xf0][0xae])F[0x96][0x1f][0xae]D1|[0xac][0xc]$[0xfa]RI[0xc9][0x89]X74S[0xcc][0xb2][0x86][0xd7][0x6][0x16]3[0xbc]4[0xb0][0x98][0xe1][0x95][0x81][0xc5][0xc]/[0xc][0x1c][0xcd][0xa8][0x86][0xa8][0xa1][0x11][0x8d]TC#[0x1a][0xb0][0x86]F4n[0xf5][0xfc][0xa4][0x1a][0xb7][0x86]F4n[\r][0x8d]h[0xdc][0x1a][0xda][0xf0]q[0xbb][0x13][0xa5][0xb4])[0xde]]u[0xec][0xf7]?vw.[0x95]9[0xa9]0[0xb8][0x1f]Sq[0x9f]1[0xbd][0x0][0x18][0xbe][0xbb]i[0x8e][0x99]F[0xb7],g[0xf7]9[."sT[0xba][0x1d][0xeb]n3[0xb6][0x9d]/*y[0x89][0xee]([0xf6]ik[0x12][0xd5][0xba][0xde]N[0x91]s[0xbd][0xd5]"[0xab][0x86][0xf][0xe8][0x16][0x8d][0xca]\k[0x1e][0x91][0xbd][0xd6]<"[0x83][0xad]y[0xc3]-v[0xad][0x97][0xc9]f[0x81]vAS[0xcf]L[0xab]Y[0xd9]jZK[0xea]e[0xda])[0x93]U[0xbd][0xa0][0x1d][0xee]6V[0xe][0x9f]a[0x1b][0x3]|[0x17]yAf[0x83]v,[0xc1][0xc][0xbe]1[0xcb]Y#'E[0xe6][0xdb][0xf4]rx[0xc7]6[0xac][0xe1][0xb6]z[0x9d][0x95]H[0xbb][0xd7] [0x9]z)U[0xfc]@[0x93][0x86]/^[0x96]<[0xd7]e[0xd9][0xc3]`[0xd2]w%[0xa5]z[0xe2][0x9][0x1d]qZ[0xe6][0xaa][0x9e]k[0xae][0xe5][0xf][0xac]$[0xbd],[0xff]-].X!l[0xad][0xb4][0x85][0xe8][0xbf][0xab]_][0x8e][0x10]][0xb3][0xe5][0xe0][\r][0xba][0x95]Ld4[0xba]}{[0x97]2!#[0xba][0x15][0xc4][0xc5][0xdd][0xf5]Ut[0xa7][0x96][0xa6][0xcc]4[0x3]C[0x3][0xfc][0xa2][0xca]R[0xa5]d[0xcc][0xe6]H[0xe0][0xdf]~[0xf1][0xd9][0xdf]i:x[0xa6][0x8b][0xe0][0xec][0x85]hk[0xcf][0x88][0xe][0xf]Y[0xd8][0xb9] [0xd8][0xc9][0xd4]$[0x95][0x10][0x91][0xf4]2Sd[0x82]d[0x1f]jy[0xff][0xe4]/3[0xc5][0xf2][0x84][0x86]v[0x9b][0xf3][0xfa][\n]"
17:03:07.546 [main] DEBUG org.apache.http.wire -  >> "[0xa0][0x92][0x13][0x11][0xa7],][0xd6][0x8b][0xe][0x2]o[0xe9][0xbc][0xf8][0xa4][0xf3][0xf][0xc1]j[0xc8][0xf2][0xfe][0xc5]ra[0x8e][0xb]Q[0x99][0xea][0x8e][0x4][0xe6][0x1c]6,[0xaa][0xd9][0xbf]y<<[0xd5][0xdd][0xa8][0x88][0xe4][0xc8][0xd0][0x1f]Ui[0x8f]?[0xda][0xa5][0xae][0x8d][0xa6][0xc3][\r]_&l[0xe1][0x86]/[0x11][0xac][0x9a]z[0xf7]`[0xe6]/[0xc1][0xc6]n[0xe1][0x86]o[0xec][0x16][0x8e]jc[0xcf]%+[\n]"
17:03:07.546 [main] DEBUG org.apache.http.wire -  >> "[0xe1]=[0x85][0x1a][0xcc][0xa3][0xda][0xdc][0x15][0x8f]z{[0x87][0x17][\r]OI[0x95][0xcf]+I7[0x80]+ [0xd9][0x8][0xae][0x80]dC[0xa8]d[0x95]f[0x5][0xe5][0x16][[0x1e][0xe1][0x6][[0x1e][0xf5][0xf6][0x12]N[0x19][0xcb]#8$gy[0xff][0xc8]EB&[0x86][0x85]Q)aaT2X[0x18][0x95][0x6][0x16]F*[0xc0][0xf0]+t[0x1c][0xd8][0xf0][0xcb]t[0x1c][0xd8][0xf0]kuj[0x18][0xd1][0x12][0xc0][0x81]Q[0xcd]3[0xd2][0xdd]?[0xd1]Y[0x1e][0x7]F5[0xcf],[0x8c]j[0x9e]Y[0x18][0xd5]<[0xb3]0[0xaa]yv[0xf8]5[0xe2][0xf3][0xb9]^[0x4][0xd3][0xed]b[0x1c]$[0xd5][0x9c]s[0x90]t;[0x9a][0xac][0xe4][0xe9]R[0xe5],!B~[0x93][0xfc][0x9e][0x11][0x1c] [0xad]i[0xb7][0xb9][0x9a][0x9b][CTV_[0xc4]M[0x80]4[0xc7][0xa8]%[0xe1]b[0xbb][0xc6]Q[0x89][0xfc][0x8b][0xcf][0xc8][0xba]fX[0x94][0xfd]"8"[0xca][0xa4]T[0x8a][0xe8][0xd8][0xda]f[0x87]c#[0xb7][0xaf]][0xdb][0x15]f[0xef][0xe4][0x18][0xdc][0x85][[0xc9]b[0xbe]P2[0xe1][0xb9]g[0x9b][0xfc][0xb1][0xba]^[0x9e][0xd6][0xb7]e[0xbc][0xee][0xbe][0xed]F[0xaf][0xc3][0x9e]W[0xe2]~QF[0xd3][0xc5][0xfa]h[0xbf][0x8b][0x99][0xec][0xed][0x8c]\[0x15][0xec][a[0xbb][0x1b]l[0x1b][0xf3][0xc9][0xea]~[0x96][0xb6][0xb0]k[0x9e][0x88]*]u[0x14][0xde]L19[0xec][0x1f]lg[0xf4]V[0xf0][0xd1][0xee][0xe0][0xcd]Jb+[0xf2][0xb8]g$ls[0xb2];r[0xb3]J[0xde][0x8a]<[0xe9][0x19][0x9][0xdb][0xfc][0xd0]3[0xd2][0xfa]t+[0xb2][0xcb][0xf]_Y[0xfe][0xd0]:[0x11]N[0xba][0xe6][0xcf][0xba][0xc6][0xf3]L[0xbe][0x93][0xae]Y[0xb4][0xe]nm[0xb6]k"[0xad]#[0xdb][0xa6][0xe0]I[0xd7],[0xda][0xb2]Jt[0x16][0xc7][0xe6]l[0x1]T[0xa7][0x9f]g[0xfc][0xf1][0xfd][0xcc][0xe3][0x8f][0xc7][0xb8][0xc8]O[0xc1][0xd8][0xc9]O[0xe9][0xed]+?[0xa2][0xcb]`?[0xf8][0xa3]0{vL[0xd2][0xb4][0xed][0xad][0xaf][0x9e][0x0]y[0xdf].[0xa2]{e[0xce]?+U[0x1f][0xb7][0xdf]:[0xe1][0xd4][0xff][0xa6][0xae]K[0xbd]p[0xca][\n]"
17:03:07.546 [main] DEBUG org.apache.http.wire -  >> "[0x1e][0xb5]r[0xe][0xfb][0x9f][0xb8][0xda][0xca]2[0xfe]q[0xec][0x9d]n[0xfc][0x88][0xde]y[0xc7][0x8f][0xe8][0x9d][0x80][0xfc][0x88]^[0x99][0xc8][0x1b][0x8e]JI~J[0xef][0xdc][0xe4]G[0xf4]NR~[0x4]:[[0xc1]=[0x2].[[0xc1]x\[0xb6][0x82][0xf1]![0xd9][\n]"
17:03:07.546 [main] DEBUG org.apache.http.wire -  >> "RB[0xb2][0xd5][0x80]U[0x80][0x1f][0xd1]{9[0xe0]G[0xa0][0x8d][\n]"
17:03:07.546 [main] DEBUG org.apache.http.wire -  >> "[0x11]h[0xa3][0xe]X)[0xf8][0x11]([0xa3][0x82][0xf0] [0xa3]B[\n]"
17:03:07.546 [main] DEBUG org.apache.http.wire -  >> "[0xda][0xa8][0x10][0x81]6*D[0xa0][0x8d][\n]"
17:03:07.546 [main] DEBUG org.apache.http.wire -  >> "[0x17]`8[0xa3][0xc2]x[0x9c]Qa|[0x88]Q!%[0xc4][0xa8][0x90][0x82]6*D[0xa0][0x8d][\n]"
17:03:07.546 [main] DEBUG org.apache.http.wire -  >> "[0x11]h[0xa3]B[0x4][0xda][0xa8][0x10][0x81]6j[0xe0][0xda][0xde][0x1b][0x1e]dTHA[0x1b][0x15]"[0xd0]F[0x85][0x8][0xb4]Q[0xed]zq[0x80]Qa<[0xce][0xa8]0>[0xc4][0xa8][0x90][0x12]bTHA[0x1b][0x15]"[0xd0]F[0x85][0x8][0xb4]Q![0x2]mT[0x88]@[0x1b][0x15]"PF[0x5][0xe1]AF[0x85][0x14][0xb4]Q![0x2]mT[0x88]@[0x1b][0xb5][0xbe][0xd5]0[0xdc][0xa8]0[0x1e]gT[0x18][0x1f]bTH[0x9]1*[0xa4][0xa0][0x8d][\n]"
17:03:07.546 [main] DEBUG org.apache.http.wire -  >> "[0x11]h[0xa3]B[0x4][0xda][0xa8][0x10][0x81]6*D[0xa0][0x8d][\n]"
17:03:07.546 [main] DEBUG org.apache.http.wire -  >> "[0x11]([0xa3][0x82][0xf0] [0xa3]B[\n]"
17:03:07.546 [main] DEBUG org.apache.http.wire -  >> "[0xda][0xa8][0x10][0x81]6*D[0xa0][0x8d]jO[0x16][0xe]0*[0x8c][0xc7][0x19][0x15][0xc6][0x87][0x18][0x15]RB[0x8c][\n]"
17:03:07.546 [main] DEBUG org.apache.http.wire -  >> ")h[0xa3]B[0x4][0xda][0xa8][0x10][0x81]6*D[0xa0][0x8d][\n]"
17:03:07.546 [main] DEBUG org.apache.http.wire -  >> "[0x11]h[0xa3]B[0x4][0xca][0xa8] <[0xc8][0xa8][0x90][0x82]6*D[0xa0][0x8d][\n]"
17:03:07.546 [main] DEBUG org.apache.http.wire -  >> "[0x11]][0xf3][0xb3]9E[0xe9][0xbb][0xcc]~[0x1f][0xd4][0xd3]{[0xc5]~[0xff]SWM[0xa7]~[0xb8][0xb7]r[0xbb][0xa8][0xc3][0xfe][0xa8]U[0xaf][0xfc][0xac][0xfe][0xf7]"|Q[0xea]!j[0xbd]"
17:03:07.546 [main] DEBUG org.apache.http.wire -  >> "[0xf1][0xf0][0xd0][0xd6][0x1b][0xfd] b&[0x85][0xb2][0x87][0xa8]=[0xa7][0xd5]][0xae][0xbd]$[0x2]u[0xe2][0xf3][0x8f][0xf3][0xee];|\[0xfa][0xc0][0x87].5[0xf7]B[0xd8]s[0xa6][0x0]~[0xd4]7[0x12][0x1c]S9[0xea][0x9a][0xf2]n$([0xf2][0x8e][0xba]f[0xba][0x1b][0x9]V[0x9d]G][0xd9][0xd7][0x8d][0x4][0xbb][0xc1][0xa3][0xae][0xa4]k}[0xb9][0xba](E[0xef][0x8e]@pW[0x9a]q[0x82][0xf7]=[0xe1]][0xd9][0xda][0x9][0x87]C[0xdc][0x95][0xa3][0x9d]@8[0xc2]][0x99][0xd9][0x9][0x84][0x3][0xdc][0x95][0x8f][0x9d][0xc0][0xe3][0xc8]$[0xe7][0xd7][0xd1][0xc7]=[0xc7]i[0xb2][0xbe][0xbe][0x14][0x10][0xba][0xa6][0xa3]C8[0xf1][0x13][0xba][0xa6]%[0xd4]j[0x95][0x8e][0xa1]1[0xfa][0x8a][0xe6]'[0xf4]U[0xcf]O[0xe8]+[0xa3][0x9f][0x80][0xd2][0xd3][0x8b][0xc1][0xb][0xeb]G[0xa1][0x15][0xf6][0xa3][0xc2][0xa4][0x86]6[0xc3]J[0x1d]nT?[0x1]+5$[0x4]I[\r]0[0xe1]RCT[0xb0][0xd4][0x10][0x15]&5L[0x8c]X[0xa9]![0x1]+uxr[0xf6][0x13][0x82][0xa4][0x6][0x98]p[0xa9]!*Xj[0x88][\n]"
17:03:07.546 [main] DEBUG org.apache.http.wire -  >> "[0x93][0x1a][0xee][0xca][0xb0]RC[0x2]VjH[0xc0]J=p[0x87][0xec][0xc5][0x84]K[\r]Q[0xc1]RCT[0x98][0xd4]pq[0x87][0x95][0x1a][0x12][0xb0]RC[0x2]VjH[0x8][0x92][0x1a]`[0xc2][0xa5][0x86][0xa8]`[0xa9]!*LjP%[0xa3][0xa5][0x86][0x4][0xac][0xd4][0x90][0x80][0x95][0x1a][0x12][0x82][0xa4][0x6][0x98]p[0xa9]!*Xj[0x88][0xea][0x92][0xda][0x1e]E[0xd9][0x92][0x1a][0xa5][0xb0][0x13][0x8e][[0x84]9[0x81][0xb8][0x1d][0xb2][0x13][0x88]K[0xce]N`@[0xb5][0xe4]D[0x7]VK[0xe]![0xb0]Z[0x82]Z[0xad]4[0xc7]UK[0xae]h~B_[0xf5][0xfc][0x84][0xbe]2[0xfa][0x9](=[0xbd][0x18][0xbc][0xb0]~[0x14]Za?*Lj\[0xb5][0xd4]&u[0xb8]Q[0xfd][0x4][0xac][0xd4][0xb8]j[0xc9]+5[0xae]Z[0xea][0x94][0x1a]W-uJ[0x8d][0xab][0x96][0xfc]R[0xe3][0xaa][0xa5]6[0xa9]q[0xd5]R[0x9b][0xd4][0xe1][0xc9][0xd9]O[0x8][0x92][0x1a]W-uJ[0x8d][0xab][0x96]:[0xa5][0xc6]UK~[0xa9]q[0xd5]R[0x9b][0xd4][0xb8]j[0xa9]Mj\[0xb5][0xd4]&[0xf5][0xc0][0x1d][0xb2][0x17][0x13].5[0xae]Z[0xea][0x94][0x1a]W-[0xf9][0xa5][0xc6]UKmR[0xe3][0xaa][0xa5]6[0xa9]q[0xd5]R[0x9b][0xd4][0xb8]j[0xc9]+5[0xae]Z[0xea][0x94][0x1a]W-uJ[0x8d][0xab][0x96][0xfc]R[0xe3][0xaa][0xa5]6[0xa9]q[0xd5]R[0x9b][0xd4][0xb8]j[0xa9]Mj\[0xb5][0xe4][0x95][0x1a]W-uJ[0x8d][0xab][0x96]:[0xa5][0xc6]UK[0xd7]:D[0x10]<[0x2]j[0x9a][0xb2][0xbc][0x8c][0xe8][0x9e][0x17]w[0xc1][0x8a]E[0xc9][0x86]?[0x9c][0xf0]g[0x96][0xf3]B[0xc9]G[0x9e]D[0xb4][0x9b]z[0x85][0xda][0xca][0xf1][0xd3][0xd6][0xcf]_[0x19][0xb6][0xfd]m>[0xfd][0xfd]R[0x8f][0x99]y[0x2][0xba]s[0xbb]RR?[0x1][0xb6][0x1][0xda]/^&[0xeb][0x9f][0xa9]2[0xc1][0xa6]'Q[0xf3][0x83]`[0xcd][0xdb][0xb6][0xc3][0xcd][0xe9][0xda][0xba]E[0x1b][0x8][0x9b][0x8a][0x17][0xba][0xad][0xb8]yv[0x95][0xa7][0xa9][0xe6][0x19][0xb4][0xeb][0x9b][0xa8][0xec][0x13]h_7[0xec]yP[0xad][0xed][0xc8]f[0x2][0xae][0xbe][0xdd][0xc][0xe9]f[0xbc][0xea][0xef]m[0x8d]Vg[0xbf]K3[0xe1];[0xfa]l[\r][0xd1]9F[0xb5]g|[0x1d][0xfc][0xd8]$[0x81]]=[0xd4][0xfd][0x99][0xc9][0xfa]'[0xd3][0xf4][0x1f][0x97]Y[0xa2][0x1]O[0xcd][0xcf][0x85][0xd5]=M[0x9e]Y[0x8d][0xd2][0x9f][0x9f]s)[0xaf]Y[0xfd]m[0xb5][0xf4]U[0xf2]yY[0xba][0xbf]g[0x1f]Y[0xf0][0xea][0xf3]Y[0xfd][0xf4]=o|n[0xd3][0xb4][0x17]0[0xde][0xee]L[0xfd][0xb2][0xf9][0xd9]6[0xcf]x[0xd7][0xcf][0xe3]o[0xae][0x1f][0xf0]NI[0x93][0x8b]Z[0x86][0xdb]^[0xcc]2t[0xa4]7}[[0xfd]U|[0xfe][0x1f][0x0][0x0][0x0][0xff][0xff][0x3][0x0]PK[0x3][0x4][0x14][0x0][0x6][0x0][0x8][0x0][0x0][0x0]![0x0][0xef][\n]"
17:03:07.546 [main] DEBUG org.apache.http.wire -  >> ")NN[0x1][0x0][0x0]~[0x3][0x0][0x0][0x14][0x0][0x0][0x0]word/webSettings.xml[0x9c][0xd3]_k[0xc2]0[0x10][0x0][0xf0][0xf7][0xc1][0xbe]C[0xc9][0xbb][0xa6][0xca][0x14])Va[0xc][0xc7]^[0xc6]`[0xdb][0x7][0x88][0xe9][0xd5][0x86]%[0xb9][0x92][0x8b][0xab][0xee][0xd3][0xef][0xda][0xa9]s[0xf8]b[0xf7][0x92][0xff][0xf7][0xe3].![0xf3][0xe5][0xce][0xd9][0xe4][0x13][0x2][0x19][0xf4][0xb9][0x18][\r]S[0x91][0x80][0xd7]X[0x18][0xbf][0xc9][0xc5][0xfb][0xdb]j0[0x13][0x9]E[0xe5][0xb]e[0xd1]C.[0xf6]@b[0xb9][0xb8][0xbd][0x99]7Y[0x3][0xeb]W[0x88][0x91]OR[0xc2][0x8a][0xa7][0xcc][0xe9]\T1[0xd6][0x99][0x94][0xa4]+p[0x8a][0x86]X[0x83][0xe7][0xcd][0x12][0x83]S[0x91][0xa7]a#[0x9d][\n]"
17:03:07.546 [main] DEBUG org.apache.http.wire -  >> "[0x1f][0xdb]z[0xa0][0xd1][0xd5]*[0x9a][0xb5][0xb1]&[0xee][0xe5]8M[0xa7][0xe2][0xc0][0x84]k[0x14],K[0xa3][0xe1][0x1][0xf5][0xd6][0x81][0x8f]][0xbc][0xc]`YDO[0x95][0xa9][0xe9][0xa8]5[0xd7]h[\r][0x86][0xa2][0xe][0xa8][0x81][0x88][0xeb]q[0xf6][0xc7]s[0xca][0xf8][0x13]3[0xba][0xbb][0x80][0x9c][0xd1][0x1][0x9][0xcb]8[0xe4]b[0xe][0x19]u[0x14][0x87][0x8f][0xd2]n[0xe4][0xec]/0[0xe9][0x7][0x8c]/[0x80][0xa9][0x86]]?cv0$G[0x9e];[0xa6][0xe8][0xe7]LO[0x8e])[0xce][0x9c][0xff]%s[0x6]P[0x11][0x8b][0xaa][0x97]2>[0xde][0xab]lcUT[0x95][0xa2][0xea]\[0x84]~IMN[0xdc][0xde][0xb5]w[0xe4]t[0xf6][0xb4][0xf1][0x18][0xd4][0xda][0xb2][0xc4][0xaf][0x9e][0xf0][0xc3]%[0x1d][0xdc][0xb6]\[0xdb]uC[0xd8]u[0xeb]m[0x9]b[0xc1][0x1f][0x2][0xeb]h[0x9c][0xf9][0x82][0x15][0x86][0xfb][0x80][\r]A[0x90][0xed][0xb2][0xb2][0x16][0x9b][0x97][0xe7]G[0x9e][0xc8]?[0xbf]f[0xf1][\r][0x0][0x0][0xff][0xff][0x3][0x0]PK[0x3][0x4][0x14][0x0][0x6][0x0][0x8][0x0][0x0][0x0]![0x0][0xbf]/[0xd7][0xef][0x1][0x0][0x0]z[0x6][0x0][0x0][0x12][0x0][0x0][0x0]word/fontTable.xml[0xdc][0x93][0xc1][0x8e][0x9b]0[0x10][0x86][0xef][0x95][0xfa][0xe][0xc8][0xf7][\r][0x86][0x84]l[0x8a][0x96][0xac][0xd4]v#U[0xaa]z[0xa8][0xb6][0xf][0xe0][0x18][0x3][0xd6]b[0x1b]y[0x9c][0x90][0xbc]}[0xc7][0x86][0xb0][0x91][0xa2][0x95][0x96][0x1e]zX[0xe][0xc6][0xfe][0xc7][0xf3]y[0xe6][0xc7]<<[0x9e]T[0x1b][0x1d][0x85][0x5]itA[0x92][0x5]%[0x91][0xd0][0xdc][0x94]R[0xd7][0x5][0xf9][0xf3][0xbc][0xbb][0xdb][0x90][0x8][0x1c][0xd3]%k[0x8d][0x16][0x5]9[0xb] [0x8f][0xdb][0xcf][0x9f][0x1e][0xfa][0xbc]2[0xda]A[0x84][0xf9][0x1a]r[0xc5][0xb][0xd2]8[0xd7][0xe5]q[0xc][0xbc][0x11][0x8a][0xc1][0xc2]tBc[0xb0]2V1[0x87]K[[0xc7][0x8a][0xd9][0x97]Cw[0xc7][0x8d][0xea][0x98][0x93]{[0xd9]Jw[0x8e]SJ[0xd7]d[0xc4][0xd8][0xf7]PLUI.[0xbe][0x1b]~PB[0xbb][0x90][0x1f][[0xd1]"[0xd1]hhd[0x7][0x17]Z[0xff][0x1e]Zol[0xd9]Y[0xc3][0x5][0x0][0xf6][0xac][0xda][0x81][0xa7][0x98][0xd4][0x13]&Y[0xdd][0x80][0x94][0xe4][0xd6][0x80][0xa9][0xdc][0x2][0x9b][0x19]+[\n]"
17:03:07.546 [main] DEBUG org.apache.http.wire -  >> "(LOh[0x98][0xa9][0xf6][0x15][0x90][0xcd][0x3][0xa4]7[0x80]5[0x17][0xa7]y[0x8c][0xcd][0xc8][0x88]1[0xf3][0x9a]#[0xcb]y[0x9c][0xf5][0xc4][0x91][0xe5][0x15][0xe7][0xdf][0x8a][0xb9][0x2]@[0xe9][0xca]f[0x16]%[0xbd][0xf8][0x1a][0xfb]\[0xe6]X[0xc3][0xa0][0xb9]&[0x8a]yEe[0x13][0xee][0xac][0xbc]G[0x8a][0xe7]?jm,[0xdb][0xb7]H[0xc2][0xaf][0x1e][0xe1][0x87][0x8b][0x2][0xd8][0x8f][0xd8][0xbf][0x85][0xa9]8[0x5][0xdd][0xb7]@[0xb6][0xe3][0xaf][0x10][0xf5][0xb9]f[\n]"
17:03:07.546 [main] DEBUG org.apache.http.wire -  >> "3[0xbf][0xb1]V[0xee][0xad][0xc][0x81][0x8e]i[0x3]"[0xc1][0xd8][0x91][0xb5][0x5][0xc1][0x1e]v4[0xa3][0xbe][0x97][0x94][0xae][0xe8][0xd2][0x8f]$[0xf6][0x1b]y[0xc3],[0x8][0xf][0x19]6[0xd2]A[0xae][0x98][0x92][0xed][0xf9][0xa2]B/[0x1][0x86]@'[0x1d]o.[0xfa][0x91]Y[0xe9][0xab][0x1e]B k[0xc][0x1c]`O[0xb][0xf2][0xb4][0xa2]4}[0xda][0xed][0xc8][0xa0]$X[0x1d]Eeu[0xff]uTRVx[0xbe][0x8c][0xca]rR[0xa8]Wx[0xe0][0x84]e2px[0xe0]L{[0xf0][0xcc]xp[0xe0][0xc6][0x89]g[0xa9][0x4]D[0xbf]D[0x1f][0xfd]6[0x8a][0xe9]7[0x1c]I[0xe9][0x1a][0x9d][0xc8][0xd0][0xf][0xef][0xcc]r[0x96]#6pg9[0xe2][0xfb][0xbf]q[0xe4]~[0x93][0xfd][0x17]G[0xc6][0xbb][0x11][0xfd][0x94]u[0xe3][0xde][0xbc]![0xfe]^|[0xd0][0x1b]2N`[0xfb][0x17][0x0][0x0][0xff][0xff][0x3][0x0]PK[0x3][0x4][0x14][0x0][0x6][0x0][0x8][0x0][0x0][0x0]![0x0]i[0x8f][0xcd][0xf0]t[0x1][0x0][0x0][0xff][0x2][0x0][0x0][0x11][0x0][0x8][0x1]docProps/core.xml [0xa2][0x4][0x1]([0xa0][0x0][0x1][0x0][0x0][0x0][0x0][0x0][0x0][0x0][0x0][0x0][0x0][0x0][0x0][0x0][0x0][0x0][0x0][0x0][0x0][0x0][0x0][0x0][0x0][0x0][0x0][0x0][0x0][0x0][0x0][0x0][0x0][0x0][0x0][0x0][0x0][0x0][0x0][0x0][0x0][0x0][0x0][0x0][0x0][0x0][0x0][0x0][0x0][0x0][0x0][0x0][0x0][0x0][0x0][0x0][0x0][0x0][0x0][0x0][0x0][0x0][0x0][0x0][0x0][0x0][0x0][0x0][0x0][0x0][0x0][0x0][0x0][0x0][0x0][0x0][0x0][0x0][0x0][0x0][0x0][0x0][0x0][0x0][0x0][0x0][0x0][0x0][0x0][0x0][0x0][0x0][0x0][0x0][0x0][0x0][0x0][0x0][0x0][0x0][0x0][0x0][0x0][0x0][0x0][0x0][0x0][0x0][0x0][0x0][0x0][0x0][0x0][0x0][0x0][0x0][0x0][0x0][0x0][0x0][0x0][0x0][0x0][0x0][0x0][0x0][0x0][0x0][0x0][0x0][0x0][0x0][0x0][0x0][0x0][0x0][0x0][0x0][0x0][0x0][0x0][0x0][0x0][0x0][0x0][0x0][0x0][0x0][0x0][0x0][0x0][0x0][0x0][0x0][0x0][0x0][0x0][0x0][0x0][0x0][0x0][0x0][0x0][0x0][0x0][0x0][0x0][0x0][0x0][0x0][0x0][0x0][0x0][0x0][0x0][0x0][0x0][0x0][0x0][0x0][0x0][0x0][0x0][0x0][0x0][0x0][0x0][0x0][0x0][0x0][0x0][0x0][0x0][0x0][0x0][0x0][0x0][0x0][0x0][0x0][0x0][0x0][0x0][0x0][0x0][0x0][0x0][0x0][0x0][0x0][0x0][0x0][0x0][0x0][0x0][0x0][0x0][0x0][0x0][0x0][0x0][0x0][0x0][0x0][0x0][0x0][0x0][0x0][0x0][0x0][0x0][0x0][0x0][0x0][0x0][0x0][0x0][0x0][0x0][0x0][0x0][0x0][0x0][0x0][0x0][0x0][0x0][0x0][0x0][0x0][0x0][0x0][0x0][0x0][0x0][0x0][0x0][0x0][0x0][0x9c][0x92]QO[0xc2]0[0x10][0xc7][0xdf]M[0xfc][0xe]K[0xdf]G[0xb7]A[0x88].c$jx[0x92][0xc4] F[0xe3][m[0xf]V[0xd8][0xba][0xa6]=[0x18]|{[0xbb][\r][0x86][0x8b][0xf8][0xe2][0xdb]][0xef]w[0xff][0xbb][0xfe][0xdb]dz(ro[0xf][0xc6][0xca]RMH8[0x8][0x88][0x7][0x8a][0x97]B[0xaa][0xf5][0x84][0xbc]-g[0xfe][0x1d][0xf1],2%X^*[0x98][0x90]#X2Moo[0x12][0xae]c^[0x1a]x1[0xa5][0x6][0x83][0x12][0xac][0xe7][0x94][0x94][0x8d][0xb9][0x9e][0x90][0xc]Q[0xc7][0x94]Z[0x9e]A[0xc1][0xec][0xc0][0x11][0xca][0x15]W[0xa5])[0x18][0xba][0xd4][0xac][0xa9]f|[0xcb][0xd6]@[0xa3] [0x18][0xd3][0x2][0x90][0x9][0x86][0x8c][0xd6][0x82][0xbe][0xee][0x14][0xc9]IR[0xf0]NR[0xef]L[0xde][0x8][0x8]N![0x87][0x2][0x14]Z[0x1a][0xe]Bza[0x11]La[0xaf]64[0x95][0x1f]d![0xf1][0xa8][0xe1]*z.v[0xf4][0xc1][0xca][0xe][0xac][0xaa]jP[\r][0x1b][0xd4][0xed][0x1f][0xd2][0x8f][0xf9][0xf3]ksU_[0xaa][0xda]+[0xe]$M[0x4][0x8f]Qb[0xe]iB/[0xa1][0x8b][0xec][0xee]k[0x3][0x1c][0xdb][0xe3].q17[0xc0][0xb0]4[0xe9]B"[0xd8][0xcc][0[0xb5]a[0xca][0x9b]K[0x9b][0x19][0xd6][0xc0]g[0xa0][0xb6]~[0xb][0xc7][0xaa]4[0xc2]:[0x99]^[0xe6]0[0x1][0x96][0x1b][0xa9][0xd1]=h;[0xa4]w[0xe0][0xe8][0x9c]Y[0x9c][0xbb][0x17]^I[0x10][0xf][0xc7]?[0xe6][0xfd][0xe6][0xea]V[0x3]{Y[0xff][0x94]4j[0x88].MN[0xb6][0xb7];[0x82][0xf0][0x9c]]qk[0xee][0xb9][0xf2]>||Z[0xce]H[0x1a][0x5]Q[0xe4][0x7][0xf7]~8Z[0x86][0xe3]x[0x14][0xc6]A[0xf0]Y[0xaf][0xd9][0xeb][0xbf][0x8][0x16][0xa7][0x5][0xfe][0xad]x[0x16]h[0x9d][0xea][0xd9][0xf4][0x1b][0x0][0x0][0xff][0xff][0x3][0x0]PK[0x3][0x4][0x14][0x0][0x6][0x0][0x8][0x0][0x0][0x0]![0x0]?Pu[0x19]n[0x1][0x0][0x0][0xc2][0x2][0x0][0x0][0x10][0x0][0x8][0x1]docProps/app.xml [0xa2][0x4][0x1]([0xa0][0x0][0x1][0x0][0x0][0x0][0x0][0x0][0x0][0x0][0x0][0x0][0x0][0x0][0x0][0x0][0x0][0x0][0x0][0x0][0x0][0x0][0x0][0x0][0x0][0x0][0x0][0x0][0x0][0x0][0x0][0x0][0x0][0x0][0x0][0x0][0x0][0x0][0x0][0x0][0x0][0x0][0x0][0x0][0x0][0x0][0x0][0x0][0x0][0x0][0x0][0x0][0x0][0x0][0x0][0x0][0x0][0x0][0x0][0x0][0x0][0x0][0x0][0x0][0x0][0x0][0x0][0x0][0x0][0x0][0x0][0x0][0x0][0x0][0x0][0x0][0x0][0x0][0x0][0x0][0x0][0x0][0x0][0x0][0x0][0x0][0x0][0x0][0x0][0x0][0x0][0x0][0x0][0x0][0x0][0x0][0x0][0x0][0x0][0x0][0x0][0x0][0x0][0x0][0x0][0x0][0x0][0x0][0x0][0x0][0x0][0x0][0x0][0x0][0x0][0x0][0x0][0x0][0x0][0x0][0x0][0x0][0x0][0x0][0x0][0x0][0x0][0x0][0x0][0x0][0x0][0x0][0x0][0x0][0x0][0x0][0x0][0x0][0x0][0x0][0x0][0x0][0x0][0x0][0x0][0x0][0x0][0x0][0x0][0x0][0x0][0x0][0x0][0x0][0x0][0x0][0x0][0x0][0x0][0x0][0x0][0x0][0x0][0x0][0x0][0x0][0x0][0x0][0x0][0x0][0x0][0x0][0x0][0x0][0x0][0x0][0x0][0x0][0x0][0x0][0x0][0x0][0x0][0x0][0x0][0x0][0x0][0x0][0x0][0x0][0x0][0x0][0x0][0x0][0x0][0x0][0x0][0x0][0x0][0x0][0x0][0x0][0x0][0x0][0x0][0x0][0x0][0x0][0x0][0x0][0x0][0x0][0x0][0x0][0x0][0x0][0x0][0x0][0x0][0x0][0x0][0x0][0x0][0x0][0x0][0x0][0x0][0x0][0x0][0x0][0x0][0x0][0x0][0x0][0x0][0x0][0x0][0x0][0x0][0x0][0x0][0x0][0x0][0x0][0x0][0x0][0x0][0x0][0x0][0x0][0x0][0x0][0x0][0x0][0x0][0x0][0x0][0x0][0x0][0x9c]R[0xcb]n[0xc2]0[0x10][0xbc]W[0xea]?D[0xb9][0x83][0x3][0x95][0x10]B[0x8b]Q[0x5][0xaa]z[0xe8][0x3][0x89][0x0]g[0xcb][0xd9]$V[0x1d][0xdb][0xb2]MU[0xfe][0xbe][0x1b][0x2]i[0xaa][0xde][0xea][0xd3][0xce][0xac]w4;6[0xac][0xbe][0x1a][0x9d]|[0xa2][0xf][0xca][0x9a]e:[0x19]gi[0x82]F[0xda]B[0x99]j[0x99][0xee][0xf3][0xa7][0xd1]<MB[0x14][0xa6][0x10][0xda][0x1a]\[0xa6]g[0xc][0xe9][0x8a][0xdf][0xdf][0xc1][0xd6][[0x87]>*[0xc][0x9]I[0x98][0xb0]L[0xeb][0x18][0xdd][0x82][0xb1] klD[0x18]S[0xdb]P[0xa7][0xb4][0xbe][0x11][0x91][0xa0][0xaf][0x98]-K%qc[0xe5][0xa9]A[0x13][0xd9]4[0xcb]f[0xc][0xbf]"[0x9a][0x2][0x8b][0x91][0xeb][0x5][0xd3]Nq[0xf1][0x19][0xff]+ZX[0xd9][0xfa][0xb][0x87][0xfc][0xec]H[0x8f]C[0x8e][0x8d][0xd3]""k'5[0xb0][0x9e][0x80][0xdc]F[0xa1]s[0xd5] [0xcf][0x88][0xee][0x1]lE[0x85][0x81]O[0x80]u[0x5][0x1c][0xad]/[0x2][0x0][0xd6][0x15][0xb0][0xae][0x85][0x17]2Rt|2[0x7]6[0x80][0xf0][0xe8][0x9c]VRD[0xca][0x94][0xbf]*[0xe9]m[0xb0]eL[0xde]/F[0x93]v[0x1c][0xd8][0xf0][\n]"
17:03:07.546 [main] DEBUG org.apache.http.wire -  >> "[0x90][0xf9][0x1d][0xca][0x93]W[0xf1][0xdc][0x9a][0x18]BxQ[0xa6][0xb3][0xd1][0x15]d[0xcb][0x8b][0xca][0xb]W_[0xbd][0xf5][0x8]vRh\[0xd3][0xda][0xbc][0x14]: [0xb0][0x1f][0x2][0xd6][0xb6]q[0xc2][0x90][0x1c][0xeb]+[0xd2][0xfb][0x8]{[0x97][0xdb]M[0x1b][0xc3]u[0xe4]79[0xd8][0xf1][0xa8]b[0xbd]sB[0x92][0x85]i6[0xdc]v[0xd0][0x80][0x1d][0xb1]X[0x90][0xfd][0xde]AO[0xc0]3[0xbd][0x84][0xd7][0xad]<[0xcd][0x9a][\n]"
17:03:07.546 [main] DEBUG org.apache.http.wire -  >> "[0x8b][0xdb][0x9d][0xbf][0x8d]6[0xbf]C[0xf7]%[0xf9]d6[0xce][0xe8]\[0x2][0xbb]q[0xb4]v[0xff]W[0xf8]7[0x0][0x0][0x0][0xff][0xff][0x3][0x0]PK[0x1][0x2]-[0x0][0x14][0x0][0x6][0x0][0x8][0x0][0x0][0x0]![0x0][0xdf][0xa4][0xd2]lZ[0x1][0x0][0x0] [0x5][0x0][0x0][0x13][0x0][0x0][0x0][0x0][0x0][0x0][0x0][0x0][0x0][0x0][0x0][0x0][0x0][0x0][0x0][0x0][0x0][Content_Types].xmlPK[0x1][0x2]-[0x0][0x14][0x0][0x6][0x0][0x8][0x0][0x0][0x0]![0x0][0x1e][0x91][0x1a][0xb7][0xef][0x0][0x0][0x0]N[0x2][0x0][0x0][0xb][0x0][0x0][0x0][0x0][0x0][0x0][0x0][0x0][0x0][0x0][0x0][0x0][0x0][0x93][0x3][0x0][0x0]_rels/.relsPK[0x1][0x2]-[0x0][0x14][0x0][0x6][0x0][0x8][0x0][0x0][0x0]![0x0]R@9w[0xf1][0x2][0x0][0x0]([0xb][0x0][0x0][0x11][0x0][0x0][0x0][0x0][0x0][0x0][0x0][0x0][0x0][0x0][0x0][0x0][0x0][0xb3][0x6][0x0][0x0]word/document.xmlPK[0x1][0x2]-[0x0][0x14][0x0][0x6][0x0][0x8][0x0][0x0][0x0]![0x0][0xd6]d[0xb3]Q[0xf4][0x0][0x0][0x0]1[0x3][0x0][0x0][0x1c][0x0][0x0][0x0][0x0][0x0][0x0][0x0][0x0][0x0][0x0][0x0][0x0][0x0][0xd3][0x9][0x0][0x0]word/_rels/document.xml.relsPK[0x1][0x2]-[0x0][0x14][0x0][0x6][0x0][0x8][0x0][0x0][0x0]![0x0][0xb6][0xf4]g[0x98][0xd2][0x6][0x0][0x0][0xc9] [0x0][0x0][0x15][0x0][0x0][0x0][0x0][0x0][0x0][0x0][0x0][0x0][0x0][0x0][0x0][0x0][0x9][0xc][0x0][0x0]word/theme/theme1.xmlPK[0x1][0x2]-[0x0][0x14][0x0][0x6][0x0][0x8][0x0][0x0][0x0]![0x0][0xb3][0x3][0x16][0xbf][0x1f][0x4][0x0][0x0][0xd8][0xb][0x0][0x0][0x11][0x0][0x0][0x0][0x0][0x0][0x0][0x0][0x0][0x0][0x0][0x0][0x0][0x0][0xe][0x13][0x0][0x0]word/settings.xmlPK[0x1][0x2]-[0x0][0x14][0x0][0x6][0x0][0x8][0x0][0x0][0x0]![0x0]C[0xa4]l[0x96][0x87][0xb][0x0][0x0][0xf]s[0x0][0x0][0xf][0x0][0x0][0x0][0x0][0x0][0x0][0x0][0x0][0x0][0x0][0x0][0x0][0x0]\[0x17][0x0][0x0]word/styles.xmlPK[0x1][0x2]-[0x0][0x14][0x0][0x6][0x0][0x8][0x0][0x0][0x0]![0x0][0xef][\n]"
17:03:07.546 [main] DEBUG org.apache.http.wire -  >> ")NN[0x1][0x0][0x0]~[0x3][0x0][0x0][0x14][0x0][0x0][0x0][0x0][0x0][0x0][0x0][0x0][0x0][0x0][0x0][0x0][0x0][0x10]#[0x0][0x0]word/webSettings.xmlPK[0x1][0x2]-[0x0][0x14][0x0][0x6][0x0][0x8][0x0][0x0][0x0]![0x0][0xbf]/[0xd7][0xef][0x1][0x0][0x0]z[0x6][0x0][0x0][0x12][0x0][0x0][0x0][0x0][0x0][0x0][0x0][0x0][0x0][0x0][0x0][0x0][0x0][0x90]$[0x0][0x0]word/fontTable.xmlPK[0x1][0x2]-[0x0][0x14][0x0][0x6][0x0][0x8][0x0][0x0][0x0]![0x0]i[0x8f][0xcd][0xf0]t[0x1][0x0][0x0][0xff][0x2][0x0][0x0][0x11][0x0][0x0][0x0][0x0][0x0][0x0][0x0][0x0][0x0][0x0][0x0][0x0][0x0][0xaf]&[0x0][0x0]docProps/core.xmlPK[0x1][0x2]-[0x0][0x14][0x0][0x6][0x0][0x8][0x0][0x0][0x0]![0x0]?Pu[0x19]n[0x1][0x0][0x0][0xc2][0x2][0x0][0x0][0x10][0x0][0x0][0x0][0x0][0x0][0x0][0x0][0x0][0x0][0x0][0x0][0x0][0x0]Z)[0x0][0x0]docProps/app.xmlPK[0x5][0x6][0x0][0x0][0x0][0x0][0xb][0x0][0xb][0x0][0xc1][0x2][0x0][0x0][0xfe]+[0x0][0x0][0x0][0x0]"
17:03:07.546 [main] DEBUG org.apache.http.wire -  >> "[\r][\n]"
17:03:07.546 [main] DEBUG org.apache.http.wire -  >> "--"
17:03:07.546 [main] DEBUG org.apache.http.wire -  >> "1LT-tt6PTkgDDquoLAnEh-Oz8pG6wEi"
17:03:07.546 [main] DEBUG org.apache.http.wire -  >> "--"
17:03:07.546 [main] DEBUG org.apache.http.wire -  >> "[\r][\n]"
17:03:08.297 [main] DEBUG org.apache.http.wire -  << "HTTP/1.1 200 OK[\r][\n]"
17:03:08.297 [main] DEBUG org.apache.http.wire -  << "Date: Wed, 26 Oct 2022 11:33:07 GMT[\r][\n]"
17:03:08.297 [main] DEBUG org.apache.http.wire -  << "Content-Type: application/json;charset=UTF-8[\r][\n]"
17:03:08.297 [main] DEBUG org.apache.http.wire -  << "Server: AtlassianEdge[\r][\n]"
17:03:08.297 [main] DEBUG org.apache.http.wire -  << "Timing-Allow-Origin: *[\r][\n]"
17:03:08.297 [main] DEBUG org.apache.http.wire -  << "X-Arequestid: e92c49247d69a39df6fd5ae40aed4ae7[\r][\n]"
17:03:08.297 [main] DEBUG org.apache.http.wire -  << "Set-Cookie: atlassian.xsrf.token=515d8807-db6a-4ba6-8626-62fa151662ad_99e547ffbb2a104313ad48d988943b588786c64c_lin; path=/; SameSite=None; Secure[\r][\n]"
17:03:08.297 [main] DEBUG org.apache.http.wire -  << "X-Aaccountid: 5fab8a6ab45b2e0074a9616e[\r][\n]"
17:03:08.297 [main] DEBUG org.apache.http.wire -  << "Cache-Control: no-cache, no-store, no-transform[\r][\n]"
17:03:08.297 [main] DEBUG org.apache.http.wire -  << "Vary: Accept-Encoding[\r][\n]"
17:03:08.297 [main] DEBUG org.apache.http.wire -  << "Content-Encoding: gzip[\r][\n]"
17:03:08.297 [main] DEBUG org.apache.http.wire -  << "Expect-Ct: report-uri="https://web-security-reports.services.atlassian.com/expect-ct-report/atlassian-proxy", max-age=86400[\r][\n]"
17:03:08.297 [main] DEBUG org.apache.http.wire -  << "Strict-Transport-Security: max-age=63072000; preload[\r][\n]"
17:03:08.297 [main] DEBUG org.apache.http.wire -  << "X-Content-Type-Options: nosniff[\r][\n]"
17:03:08.297 [main] DEBUG org.apache.http.wire -  << "X-Xss-Protection: 1; mode=block[\r][\n]"
17:03:08.297 [main] DEBUG org.apache.http.wire -  << "Atl-Traceid: 3531f87ae4cb16c5[\r][\n]"
17:03:08.297 [main] DEBUG org.apache.http.wire -  << "Report-To: {"endpoints": [{"url": "https://dz8aopenkvv6s.cloudfront.net"}], "group": "endpoint-1", "include_subdomains": true, "max_age": 600}[\r][\n]"
17:03:08.297 [main] DEBUG org.apache.http.wire -  << "Nel: {"failure_fraction": 0.001, "include_subdomains": true, "max_age": 600, "report_to": "endpoint-1"}[\r][\n]"
17:03:08.297 [main] DEBUG org.apache.http.wire -  << "Transfer-Encoding: chunked[\r][\n]"
17:03:08.297 [main] DEBUG org.apache.http.wire -  << "[\r][\n]"
17:03:08.297 [main] DEBUG org.apache.http.impl.conn.DefaultClientConnection - Receiving response: HTTP/1.1 200 OK
17:03:08.297 [main] DEBUG org.apache.http.headers - << HTTP/1.1 200 OK
17:03:08.297 [main] DEBUG org.apache.http.headers - << Date: Wed, 26 Oct 2022 11:33:07 GMT
17:03:08.297 [main] DEBUG org.apache.http.headers - << Content-Type: application/json;charset=UTF-8
17:03:08.297 [main] DEBUG org.apache.http.headers - << Server: AtlassianEdge
17:03:08.297 [main] DEBUG org.apache.http.headers - << Timing-Allow-Origin: *
17:03:08.297 [main] DEBUG org.apache.http.headers - << X-Arequestid: e92c49247d69a39df6fd5ae40aed4ae7
17:03:08.297 [main] DEBUG org.apache.http.headers - << Set-Cookie: atlassian.xsrf.token=515d8807-db6a-4ba6-8626-62fa151662ad_99e547ffbb2a104313ad48d988943b588786c64c_lin; path=/; SameSite=None; Secure
17:03:08.297 [main] DEBUG org.apache.http.headers - << X-Aaccountid: 5fab8a6ab45b2e0074a9616e
17:03:08.297 [main] DEBUG org.apache.http.headers - << Cache-Control: no-cache, no-store, no-transform
17:03:08.297 [main] DEBUG org.apache.http.headers - << Vary: Accept-Encoding
17:03:08.297 [main] DEBUG org.apache.http.headers - << Content-Encoding: gzip
17:03:08.297 [main] DEBUG org.apache.http.headers - << Expect-Ct: report-uri="https://web-security-reports.services.atlassian.com/expect-ct-report/atlassian-proxy", max-age=86400
17:03:08.297 [main] DEBUG org.apache.http.headers - << Strict-Transport-Security: max-age=63072000; preload
17:03:08.297 [main] DEBUG org.apache.http.headers - << X-Content-Type-Options: nosniff
17:03:08.297 [main] DEBUG org.apache.http.headers - << X-Xss-Protection: 1; mode=block
17:03:08.297 [main] DEBUG org.apache.http.headers - << Atl-Traceid: 3531f87ae4cb16c5
17:03:08.297 [main] DEBUG org.apache.http.headers - << Report-To: {"endpoints": [{"url": "https://dz8aopenkvv6s.cloudfront.net"}], "group": "endpoint-1", "include_subdomains": true, "max_age": 600}
17:03:08.297 [main] DEBUG org.apache.http.headers - << Nel: {"failure_fraction": 0.001, "include_subdomains": true, "max_age": 600, "report_to": "endpoint-1"}
17:03:08.297 [main] DEBUG org.apache.http.headers - << Transfer-Encoding: chunked
17:03:08.297 [main] DEBUG org.apache.http.impl.client.DefaultHttpClient - Connection can be kept alive indefinitely
17:03:08.297 [main] DEBUG io.restassured.internal.RestAssuredHttpBuilder - Parsing response as: application/json;charset=UTF-8
17:03:08.297 [main] DEBUG org.apache.http.wire -  << "1fc[\r][\n]"
17:03:08.297 [main] DEBUG org.apache.http.wire -  << "[0x1f][0x8b][0x8][0x0][0x0][0x0][0x0][0x0][0x0][0x3][0xd4]T[0xc1]n[0xdb]0[0xc][0xfd][0x95][0xc2]@O[0x8b]-Yv[0x1c];@[0xd1][0x19][0xc3][0x86]f@sH[0xb3][0xcb][0x86][0x1d][0x18][0x89]N4[0xd8][0x92]![0xc9][0xa9][0xbb][0xa1][0xff]^)n[0xb6][0x9e][0x6]l[0xb7][0x0]>[0xd0][0xd4][0xe3]{$[0x81][0xc7]o[0xbf]"[0x8b]m[0x13]-[0xa3][0x83]s[0xbd]][0x12]b[0xa4]C{`i[0x2][0xae][0x5]k%[0xa8]D[0xa1]#[0x6][0xad]#[0xd0]K[0xc2][0x8]8[0x7][0xfc][0xd0][0xa1]r$[0xa5][0x94]V[0xd1],[0x92][0xc2]3[0x9c][0x1a][0xd9][0xa2][0x82][0xe]}*[0x84][0x89][0xd0]|[0xf4]i[0x18][0xdc]A[0x9b]h[0xf9][0x1f][0x8a][0x83]Es[0xb][0x9c][0xeb]A[0xb9][0x95][0xb8][0x99]7[0xb0]+[0xa1][0x80]]]]><![CDATA[>[0xdf]1[0xa4]t[0x91]CU[0xa4][0x5][0x6][0x91]3[0xc8][0xf3][0xff][0x5][0x86][0x1d][0xc8][0xb6][0x16][0xc2]kX[0x8f][0x9c]:0[0xa0]~[0x80][0xea]d[0x88][0xaa][0xac]|[0xbf][0xf][0xa0][0x84][0xeb].[0xf0][0x1e][0xc1][0x81][0xf9]bZ[0x1b][0x6][0xc8][0xcb]1/[0xdf]L`[0x91][0xf][0x6][0x93][0xbd][0x99]`[0xa1][0x86]L!a[0xac][0xd8]e[0x94]b[0x9a].[0x9a][0x5]"[0xab]*[0xe0][0x2]J[0xea][0xb3]Y)Ds+nN,[0xd7]Y}[0xcd]>[0xf9]o[0xaa][0x8b];P[0xb0][0xc7][0xb0][0xe4]8[0x9e]R6[0x19]l[0xfc][0xe8][0x97][0x12][0xb3][0xa4]7Z$[0xfd][0xb0]k%[0xf][[0x8b]{[0x0][0x1b][0x96][0xe6][0xeb][0xa5][0x92]NBk}[0xb8][0xb9][0xf]P[0xb5][0xf7][0xfd][0xb3]|d[0xf9]Eu[0x9c][0x16]cZ\T[0xc7][0x19][0x1b]3vA[0x1d]?[0xcf]"!m[0xdf][0xc2][0xd3]zr[0xeb]f[0xb5][0xfd][0xf8]pw[0xb5][0xa9][0xd7][0x9f][0xeb][0xf5][0xd5][0xfd][0xea][0xe1]nS[0x9f]<[0xe5][0xe4][0xd1][0xbf];3[0xe0],r[0xb2][0xc3][0xaf]Z[0x5]|[0xed][0xbd]J>@[0xcb][0x7][0x11][0xfe][0x98]o[0xfb][0xd4][0x87][0xd7][0xdf]n[0xe]B[0xdc] 8[0xc][0xae]d[0x94][0xb1]8[0xa5]1+[0xb6][0xe9]bI[0xb3]%]$[0x19]e[0xef][0xe8]<[0xa3][0x9e][0xc3][0xca][0x9f][0xbe]8M[0xab][0xb2][0x9a]E[0x9d][0xd7]:[0xb3][0xf5][0xbd][0x1f][0xb][0x9c][0xd4][0x8a][0x1c][0x95]Ht[0x8f]j[0xec][0xda]F[0x9b][0xe][0x9c][0x8d]u[0xd3]H[0x8e][0xfe][0xd2][0xc]a9[0xc9][0xa3]6[0xc2]o[0x83]{{K[0xb5][0xef][0xda]p[0x83]N/^[0x81]k[0xe5]B[0xf4]/[0x7][0xe8][0xcd][0xc9]{-=}[0xcf][0xdf]_[0x0][0x0][0x0][0xff][0xff]"
17:03:08.297 [main] DEBUG org.apache.http.wire -  << "[\r][\n]"
17:03:08.297 [main] DEBUG org.apache.http.wire -  << "a[\r][\n]"
17:03:08.297 [main] DEBUG org.apache.http.wire -  << "[0x3][0x0][0xa3][0xf1]V[0x1d]B[0x5][0x0][0x0]"
17:03:08.297 [main] DEBUG org.apache.http.wire -  << "[\r][\n]"
17:03:08.297 [main] DEBUG org.apache.http.wire -  << "0[\r][\n]"
17:03:08.297 [main] DEBUG org.apache.http.wire -  << "[\r][\n]"
17:03:08.297 [main] DEBUG io.restassured.internal.RestAssuredHttpBuilder - Parsed data to instance of: class org.apache.http.conn.EofSensorInputStream
17:03:08.305 [main] DEBUG org.apache.http.impl.conn.BasicClientConnectionManager - Releasing connection org.apache.http.impl.conn.ManagedClientConnectionImpl@4e0139
17:03:08.305 [main] DEBUG org.apache.http.impl.conn.BasicClientConnectionManager - Connection can be kept alive indefinitely
17:03:08.305 [main] DEBUG net.thucydides.core.steps.StepInterceptor - STEP DONE: addAttachment
]]></system-out>
  </testcase>
</testsuite>