<?xml version="1.0" encoding="UTF-8"?>
<testsuite xmlns:xsi="http://www.w3.org/2001/XMLSchema-instance" xsi:noNamespaceSchemaLocation="https://maven.apache.org/surefire/maven-failsafe-plugin/xsd/failsafe-test-report-3.0.xsd" version="3.0" name="Tests.CreateIssueTest" time="3.282" tests="1" errors="0" skipped="0" failures="0">
  <properties>
[...]
</properties>
  <testcase name="postRequest" classname="Tests.CreateIssueTest" time="2.149">
    <system-out><![CDATA[17:03:08.357 [main] DEBUG net.thucydides.core.steps.StepEventBus - Test suite started for class Tests.CreateIssueTest
17:03:08.357 [main] INFO  - Test Suite Started: Create issue test
17:03:08.357 [main] INFO  - 
  _____   ___   ___   _____     ___   _____     _     ___   _____   ___   ___  
 |_   _| | __| / __| |_   _|   / __| |_   _|   /_\   | _ \ |_   _| | __| |   \ 
   | |   | _|  \__ \   | |     \__ \   | |    / _ \  |   /   | |   | _|  | |) |
   |_|   |___| |___/   |_|     |___/   |_|   /_/ \_\ |_|_\   |_|   |___| |___/ 

postRequest
--------------------------------------------------------------------------------
17:03:08.365 [main] DEBUG net.thucydides.core.steps.StepInterceptor - STARTING STEP: CreateIssueTest.postRequest - createIssue
17:03:08.389 [main] DEBUG org.apache.http.impl.conn.BasicClientConnectionManager - Get connection for route {s}->https://ritesh21.atlassian.net:443
17:03:08.389 [main] DEBUG org.apache.http.impl.conn.DefaultClientConnectionOperator - Connecting to ritesh21.atlassian.net:443
17:03:08.743 [main] DEBUG org.apache.http.client.protocol.RequestAddCookies - CookieSpec selected: ignoreCookies
17:03:08.743 [main] DEBUG org.apache.http.client.protocol.RequestAuthCache - Auth cache not set in the context
17:03:08.743 [main] DEBUG org.apache.http.client.protocol.RequestProxyAuthentication - Proxy auth state: UNCHALLENGED
17:03:08.743 [main] DEBUG org.apache.http.impl.client.DefaultHttpClient - Attempt 1 to execute request
17:03:08.743 [main] DEBUG org.apache.http.impl.conn.DefaultClientConnection - Sending request: POST /%2F%2Frest/api/2/issue HTTP/1.1
17:03:08.743 [main] DEBUG org.apache.http.wire -  >> "POST /%2F%2Frest/api/2/issue HTTP/1.1[\r][\n]"
17:03:08.743 [main] DEBUG org.apache.http.wire -  >> "Authorization: Basic cml0ZXNocmFuamFubWlzaHJhOTM4QGdtYWlsLmNvbTpmbk5xY2JFZTRUWGY4bnJtOUltRDkwNzg=[\r][\n]"
17:03:08.743 [main] DEBUG org.apache.http.wire -  >> "Accept: */*[\r][\n]"
17:03:08.743 [main] DEBUG org.apache.http.wire -  >> "Content-Type: application/json[\r][\n]"
17:03:08.743 [main] DEBUG org.apache.http.wire -  >> "Content-Length: 157[\r][\n]"
17:03:08.743 [main] DEBUG org.apache.http.wire -  >> "Host: ritesh21.atlassian.net[\r][\n]"
17:03:08.743 [main] DEBUG org.apache.http.wire -  >> "Connection: Keep-Alive[\r][\n]"
17:03:08.743 [main] DEBUG org.apache.http.wire -  >> "User-Agent: Apache-HttpClient/4.5.13 (Java/11.0.13)[\r][\n]"
17:03:08.743 [main] DEBUG org.apache.http.wire -  >> "Accept-Encoding: gzip,deflate[\r][\n]"
17:03:08.743 [main] DEBUG org.apache.http.wire -  >> "[\r][\n]"
17:03:08.743 [main] DEBUG org.apache.http.headers - >> POST /%2F%2Frest/api/2/issue HTTP/1.1
17:03:08.743 [main] DEBUG org.apache.http.headers - >> Authorization: Basic cml0ZXNocmFuamFubWlzaHJhOTM4QGdtYWlsLmNvbTpmbk5xY2JFZTRUWGY4bnJtOUltRDkwNzg=
17:03:08.743 [main] DEBUG org.apache.http.headers - >> Accept: */*
17:03:08.743 [main] DEBUG org.apache.http.headers - >> Content-Type: application/json
17:03:08.743 [main] DEBUG org.apache.http.headers - >> Content-Length: 157
17:03:08.743 [main] DEBUG org.apache.http.headers - >> Host: ritesh21.atlassian.net
17:03:08.743 [main] DEBUG org.apache.http.headers - >> Connection: Keep-Alive
17:03:08.743 [main] DEBUG org.apache.http.headers - >> User-Agent: Apache-HttpClient/4.5.13 (Java/11.0.13)
17:03:08.743 [main] DEBUG org.apache.http.headers - >> Accept-Encoding: gzip,deflate
17:03:08.743 [main] DEBUG org.apache.http.wire -  >> "{"fields":{"summary":"Feature is not working as expeted","description":"Creating of an issue using proj","project":{"key":"JAT"},"issuetype":{"name":"Bug"}}}"
17:03:09.504 [main] DEBUG org.apache.http.wire -  << "HTTP/1.1 201 Created[\r][\n]"
17:03:09.504 [main] DEBUG org.apache.http.wire -  << "Date: Wed, 26 Oct 2022 11:33:08 GMT[\r][\n]"
17:03:09.504 [main] DEBUG org.apache.http.wire -  << "Content-Type: application/json;charset=UTF-8[\r][\n]"
17:03:09.504 [main] DEBUG org.apache.http.wire -  << "Server: AtlassianEdge[\r][\n]"
17:03:09.504 [main] DEBUG org.apache.http.wire -  << "Timing-Allow-Origin: *[\r][\n]"
17:03:09.504 [main] DEBUG org.apache.http.wire -  << "X-Arequestid: 970ac24015fe495025cda6c6beec4400[\r][\n]"
17:03:09.504 [main] DEBUG org.apache.http.wire -  << "Set-Cookie: atlassian.xsrf.token=515d8807-db6a-4ba6-8626-62fa151662ad_ab015ffbfc62116442d863d0db7baddf88e2da56_lin; path=/; SameSite=None; Secure[\r][\n]"
17:03:09.504 [main] DEBUG org.apache.http.wire -  << "X-Aaccountid: 5fab8a6ab45b2e0074a9616e[\r][\n]"
17:03:09.504 [main] DEBUG org.apache.http.wire -  << "Cache-Control: no-cache, no-store, no-transform[\r][\n]"
17:03:09.504 [main] DEBUG org.apache.http.wire -  << "Vary: Accept-Encoding[\r][\n]"
17:03:09.504 [main] DEBUG org.apache.http.wire -  << "Expect-Ct: report-uri="https://web-security-reports.services.atlassian.com/expect-ct-report/atlassian-proxy", max-age=86400[\r][\n]"
17:03:09.504 [main] DEBUG org.apache.http.wire -  << "Strict-Transport-Security: max-age=63072000; preload[\r][\n]"
17:03:09.504 [main] DEBUG org.apache.http.wire -  << "X-Content-Type-Options: nosniff[\r][\n]"
17:03:09.504 [main] DEBUG org.apache.http.wire -  << "X-Xss-Protection: 1; mode=block[\r][\n]"
17:03:09.504 [main] DEBUG org.apache.http.wire -  << "Atl-Traceid: 26db7e88e14b26ef[\r][\n]"
17:03:09.504 [main] DEBUG org.apache.http.wire -  << "Report-To: {"endpoints": [{"url": "https://dz8aopenkvv6s.cloudfront.net"}], "group": "endpoint-1", "include_subdomains": true, "max_age": 600}[\r][\n]"
17:03:09.504 [main] DEBUG org.apache.http.wire -  << "Nel: {"failure_fraction": 0.001, "include_subdomains": true, "max_age": 600, "report_to": "endpoint-1"}[\r][\n]"
17:03:09.504 [main] DEBUG org.apache.http.wire -  << "Transfer-Encoding: chunked[\r][\n]"
17:03:09.504 [main] DEBUG org.apache.http.wire -  << "[\r][\n]"
17:03:09.504 [main] DEBUG org.apache.http.impl.conn.DefaultClientConnection - Receiving response: HTTP/1.1 201 Created
17:03:09.504 [main] DEBUG org.apache.http.headers - << HTTP/1.1 201 Created
17:03:09.504 [main] DEBUG org.apache.http.headers - << Date: Wed, 26 Oct 2022 11:33:08 GMT
17:03:09.504 [main] DEBUG org.apache.http.headers - << Content-Type: application/json;charset=UTF-8
17:03:09.504 [main] DEBUG org.apache.http.headers - << Server: AtlassianEdge
17:03:09.504 [main] DEBUG org.apache.http.headers - << Timing-Allow-Origin: *
17:03:09.504 [main] DEBUG org.apache.http.headers - << X-Arequestid: 970ac24015fe495025cda6c6beec4400
17:03:09.504 [main] DEBUG org.apache.http.headers - << Set-Cookie: atlassian.xsrf.token=515d8807-db6a-4ba6-8626-62fa151662ad_ab015ffbfc62116442d863d0db7baddf88e2da56_lin; path=/; SameSite=None; Secure
17:03:09.504 [main] DEBUG org.apache.http.headers - << X-Aaccountid: 5fab8a6ab45b2e0074a9616e
17:03:09.504 [main] DEBUG org.apache.http.headers - << Cache-Control: no-cache, no-store, no-transform
17:03:09.504 [main] DEBUG org.apache.http.headers - << Vary: Accept-Encoding
17:03:09.504 [main] DEBUG org.apache.http.headers - << Expect-Ct: report-uri="https://web-security-reports.services.atlassian.com/expect-ct-report/atlassian-proxy", max-age=86400
17:03:09.504 [main] DEBUG org.apache.http.headers - << Strict-Transport-Security: max-age=63072000; preload
17:03:09.505 [main] DEBUG org.apache.http.headers - << X-Content-Type-Options: nosniff
17:03:09.505 [main] DEBUG org.apache.http.headers - << X-Xss-Protection: 1; mode=block
17:03:09.505 [main] DEBUG org.apache.http.headers - << Atl-Traceid: 26db7e88e14b26ef
17:03:09.505 [main] DEBUG org.apache.http.headers - << Report-To: {"endpoints": [{"url": "https://dz8aopenkvv6s.cloudfront.net"}], "group": "endpoint-1", "include_subdomains": true, "max_age": 600}
17:03:09.505 [main] DEBUG org.apache.http.headers - << Nel: {"failure_fraction": 0.001, "include_subdomains": true, "max_age": 600, "report_to": "endpoint-1"}
17:03:09.505 [main] DEBUG org.apache.http.headers - << Transfer-Encoding: chunked
17:03:09.505 [main] DEBUG org.apache.http.impl.client.DefaultHttpClient - Connection can be kept alive indefinitely
17:03:09.505 [main] DEBUG io.restassured.internal.RestAssuredHttpBuilder - Parsing response as: application/json;charset=UTF-8
17:03:09.505 [main] DEBUG io.restassured.internal.RestAssuredHttpBuilder - Parsed data to instance of: class org.apache.http.conn.EofSensorInputStream
17:03:09.507 [main] DEBUG org.apache.http.wire -  << "5c[\r][\n]"
17:03:09.507 [main] DEBUG org.apache.http.wire -  << "{"id":"10047","key":"JAT-48","self":"https://ritesh21.atlassian.net/rest/api/2/issue/10047"}"
17:03:09.507 [main] DEBUG org.apache.http.wire -  << "[\r][\n]"
17:03:09.507 [main] DEBUG org.apache.http.wire -  << "0[\r][\n]"
17:03:09.508 [main] DEBUG org.apache.http.wire -  << "[\r][\n]"
17:03:09.508 [main] DEBUG org.apache.http.impl.conn.BasicClientConnectionManager - Releasing connection org.apache.http.impl.conn.ManagedClientConnectionImpl@55731ccd
17:03:09.508 [main] DEBUG org.apache.http.impl.conn.BasicClientConnectionManager - Connection can be kept alive indefinitely
17:03:09.508 [main] DEBUG net.thucydides.core.steps.StepInterceptor - STEP DONE: createIssue
17:03:09.530 [main] DEBUG net.thucydides.core.steps.StepInterceptor - STARTING STEP: CreateIssueTest.postRequest - getIssueDetails
17:03:09.539 [main] DEBUG org.apache.http.impl.conn.BasicClientConnectionManager - Get connection for route {s}->https://ritesh21.atlassian.net:443
17:03:09.539 [main] DEBUG org.apache.http.impl.conn.DefaultClientConnectionOperator - Connecting to ritesh21.atlassian.net:443
17:03:09.978 [main] DEBUG org.apache.http.client.protocol.RequestAddCookies - CookieSpec selected: ignoreCookies
17:03:09.978 [main] DEBUG org.apache.http.client.protocol.RequestAuthCache - Auth cache not set in the context
17:03:09.978 [main] DEBUG org.apache.http.client.protocol.RequestProxyAuthentication - Proxy auth state: UNCHALLENGED
17:03:09.978 [main] DEBUG org.apache.http.impl.client.DefaultHttpClient - Attempt 1 to execute request
17:03:09.978 [main] DEBUG org.apache.http.impl.conn.DefaultClientConnection - Sending request: GET /%2F%2Frest/api/2/issue/JAT-48 HTTP/1.1
17:03:09.978 [main] DEBUG org.apache.http.wire -  >> "GET /%2F%2Frest/api/2/issue/JAT-48 HTTP/1.1[\r][\n]"
17:03:09.978 [main] DEBUG org.apache.http.wire -  >> "Authorization: Basic cml0ZXNocmFuamFubWlzaHJhOTM4QGdtYWlsLmNvbTpmbk5xY2JFZTRUWGY4bnJtOUltRDkwNzg=[\r][\n]"
17:03:09.978 [main] DEBUG org.apache.http.wire -  >> "Accept: */*[\r][\n]"
17:03:09.978 [main] DEBUG org.apache.http.wire -  >> "Content-Type: application/json[\r][\n]"
17:03:09.978 [main] DEBUG org.apache.http.wire -  >> "Content-Length: 157[\r][\n]"
17:03:09.978 [main] DEBUG org.apache.http.wire -  >> "Host: ritesh21.atlassian.net[\r][\n]"
17:03:09.978 [main] DEBUG org.apache.http.wire -  >> "Connection: Keep-Alive[\r][\n]"
17:03:09.978 [main] DEBUG org.apache.http.wire -  >> "User-Agent: Apache-HttpClient/4.5.13 (Java/11.0.13)[\r][\n]"
17:03:09.978 [main] DEBUG org.apache.http.wire -  >> "Accept-Encoding: gzip,deflate[\r][\n]"
17:03:09.978 [main] DEBUG org.apache.http.wire -  >> "[\r][\n]"
17:03:09.978 [main] DEBUG org.apache.http.headers - >> GET /%2F%2Frest/api/2/issue/JAT-48 HTTP/1.1
17:03:09.978 [main] DEBUG org.apache.http.headers - >> Authorization: Basic cml0ZXNocmFuamFubWlzaHJhOTM4QGdtYWlsLmNvbTpmbk5xY2JFZTRUWGY4bnJtOUltRDkwNzg=
17:03:09.978 [main] DEBUG org.apache.http.headers - >> Accept: */*
17:03:09.978 [main] DEBUG org.apache.http.headers - >> Content-Type: application/json
17:03:09.978 [main] DEBUG org.apache.http.headers - >> Content-Length: 157
17:03:09.978 [main] DEBUG org.apache.http.headers - >> Host: ritesh21.atlassian.net
17:03:09.978 [main] DEBUG org.apache.http.headers - >> Connection: Keep-Alive
17:03:09.978 [main] DEBUG org.apache.http.headers - >> User-Agent: Apache-HttpClient/4.5.13 (Java/11.0.13)
17:03:09.978 [main] DEBUG org.apache.http.headers - >> Accept-Encoding: gzip,deflate
17:03:09.978 [main] DEBUG org.apache.http.wire -  >> "{"fields":{"summary":"Feature is not working as expeted","description":"Creating of an issue using proj","project":{"key":"JAT"},"issuetype":{"name":"Bug"}}}"
17:03:10.480 [main] DEBUG org.apache.http.wire -  << "HTTP/1.1 200 OK[\r][\n]"
17:03:10.480 [main] DEBUG org.apache.http.wire -  << "Date: Wed, 26 Oct 2022 11:33:09 GMT[\r][\n]"
17:03:10.480 [main] DEBUG org.apache.http.wire -  << "Content-Type: application/json;charset=UTF-8[\r][\n]"
17:03:10.480 [main] DEBUG org.apache.http.wire -  << "Server: AtlassianEdge[\r][\n]"
17:03:10.480 [main] DEBUG org.apache.http.wire -  << "Timing-Allow-Origin: *[\r][\n]"
17:03:10.480 [main] DEBUG org.apache.http.wire -  << "X-Arequestid: 0eb0784aa40fcded4aa0c8a5787f6f63[\r][\n]"
17:03:10.480 [main] DEBUG org.apache.http.wire -  << "Set-Cookie: atlassian.xsrf.token=515d8807-db6a-4ba6-8626-62fa151662ad_129618efc53b96347f7d09ed4b46627671fe39e1_lin; path=/; SameSite=None; Secure[\r][\n]"
17:03:10.480 [main] DEBUG org.apache.http.wire -  << "X-Aaccountid: 5fab8a6ab45b2e0074a9616e[\r][\n]"
17:03:10.480 [main] DEBUG org.apache.http.wire -  << "Cache-Control: no-cache, no-store, no-transform[\r][\n]"
17:03:10.480 [main] DEBUG org.apache.http.wire -  << "Vary: Accept-Encoding[\r][\n]"
17:03:10.480 [main] DEBUG org.apache.http.wire -  << "Content-Encoding: gzip[\r][\n]"
17:03:10.480 [main] DEBUG org.apache.http.wire -  << "Expect-Ct: report-uri="https://web-security-reports.services.atlassian.com/expect-ct-report/atlassian-proxy", max-age=86400[\r][\n]"
17:03:10.480 [main] DEBUG org.apache.http.wire -  << "Strict-Transport-Security: max-age=63072000; preload[\r][\n]"
17:03:10.480 [main] DEBUG org.apache.http.wire -  << "X-Content-Type-Options: nosniff[\r][\n]"
17:03:10.480 [main] DEBUG org.apache.http.wire -  << "X-Xss-Protection: 1; mode=block[\r][\n]"
17:03:10.480 [main] DEBUG org.apache.http.wire -  << "Atl-Traceid: b7631920e03a3ded[\r][\n]"
17:03:10.480 [main] DEBUG org.apache.http.wire -  << "Report-To: {"endpoints": [{"url": "https://dz8aopenkvv6s.cloudfront.net"}], "group": "endpoint-1", "include_subdomains": true, "max_age": 600}[\r][\n]"
17:03:10.480 [main] DEBUG org.apache.http.wire -  << "Nel: {"failure_fraction": 0.001, "include_subdomains": true, "max_age": 600, "report_to": "endpoint-1"}[\r][\n]"
17:03:10.480 [main] DEBUG org.apache.http.wire -  << "Transfer-Encoding: chunked[\r][\n]"
17:03:10.480 [main] DEBUG org.apache.http.wire -  << "[\r][\n]"
17:03:10.480 [main] DEBUG org.apache.http.impl.conn.DefaultClientConnection - Receiving response: HTTP/1.1 200 OK
17:03:10.480 [main] DEBUG org.apache.http.headers - << HTTP/1.1 200 OK
17:03:10.480 [main] DEBUG org.apache.http.headers - << Date: Wed, 26 Oct 2022 11:33:09 GMT
17:03:10.480 [main] DEBUG org.apache.http.headers - << Content-Type: application/json;charset=UTF-8
17:03:10.480 [main] DEBUG org.apache.http.headers - << Server: AtlassianEdge
17:03:10.480 [main] DEBUG org.apache.http.headers - << Timing-Allow-Origin: *
17:03:10.480 [main] DEBUG org.apache.http.headers - << X-Arequestid: 0eb0784aa40fcded4aa0c8a5787f6f63
17:03:10.480 [main] DEBUG org.apache.http.headers - << Set-Cookie: atlassian.xsrf.token=515d8807-db6a-4ba6-8626-62fa151662ad_129618efc53b96347f7d09ed4b46627671fe39e1_lin; path=/; SameSite=None; Secure
17:03:10.480 [main] DEBUG org.apache.http.headers - << X-Aaccountid: 5fab8a6ab45b2e0074a9616e
17:03:10.480 [main] DEBUG org.apache.http.headers - << Cache-Control: no-cache, no-store, no-transform
17:03:10.480 [main] DEBUG org.apache.http.headers - << Vary: Accept-Encoding
17:03:10.480 [main] DEBUG org.apache.http.headers - << Content-Encoding: gzip
17:03:10.480 [main] DEBUG org.apache.http.headers - << Expect-Ct: report-uri="https://web-security-reports.services.atlassian.com/expect-ct-report/atlassian-proxy", max-age=86400
17:03:10.480 [main] DEBUG org.apache.http.headers - << Strict-Transport-Security: max-age=63072000; preload
17:03:10.480 [main] DEBUG org.apache.http.headers - << X-Content-Type-Options: nosniff
17:03:10.480 [main] DEBUG org.apache.http.headers - << X-Xss-Protection: 1; mode=block
17:03:10.480 [main] DEBUG org.apache.http.headers - << Atl-Traceid: b7631920e03a3ded
17:03:10.480 [main] DEBUG org.apache.http.headers - << Report-To: {"endpoints": [{"url": "https://dz8aopenkvv6s.cloudfront.net"}], "group": "endpoint-1", "include_subdomains": true, "max_age": 600}
17:03:10.480 [main] DEBUG org.apache.http.headers - << Nel: {"failure_fraction": 0.001, "include_subdomains": true, "max_age": 600, "report_to": "endpoint-1"}
17:03:10.480 [main] DEBUG org.apache.http.headers - << Transfer-Encoding: chunked
17:03:10.480 [main] DEBUG org.apache.http.impl.client.DefaultHttpClient - Connection can be kept alive indefinitely
17:03:10.480 [main] DEBUG io.restassured.internal.RestAssuredHttpBuilder - Parsing response as: application/json;charset=UTF-8
17:03:10.480 [main] DEBUG org.apache.http.wire -  << "632[\r][\n]"
17:03:10.480 [main] DEBUG org.apache.http.wire -  << "[0x1f][0x8b][0x8][0x0][0x0][0x0][0x0][0x0][0x0][0x3][0xcc]W[0xeb]j[0xe3]F[0x14]~[0x15]![0xd8]_[0xb5][0xac][0x9b]/[0x92]![0xa4]n[0xd6][0xbb][0xeb]4q[0x83][0xe3][0xdd]BK[0x9]c[0xe9]X[0x9e][0xcd]h[0xa4][0x9d][0x19][0xc5]v[0xd3][0xbc]{[0xcf][0x91]l[0xa7]8u [0x81]@ [0x4][0xcd][0xb9]_[0xbf][0x19][0xdf][0xdb][0xb0].[0x99]L[0xed][0x81][0xad]@[0xa6][0xa0] [0xfd][0xc4]A[0xa4][0xba]%Y[0xe][0xba][0xa5][0x93]%[0xe4][0xac]U[0x94][0xa0][0x98][0xe1][0x85][0xd4]-H[0xb9][0xc9][0xc1][0xb0]V[0xb2]d2[0x3]Qd[0xad];P[0x1a]y[0x90]N[0xa1]T[0xa0]A[0x9a][0xad]lRiS[0xe4][0xb]2x[0xe3]{[0x9e][0xef][0xb5][0x15][0xfc][0xa8]@[0x9b][0xd9][0xa6][0x84]+[0xc5][0x12][0xc3][0x13][0xb0][6'[0xff]([0xd0][0xe9][0xe3]A[0x83]X[0xe0]qiL[0xa9][0x7][0xae][0xab][0xb8][0x1][0xbd][0xc][0xfc]63[0x82]i[0xcd][0x99]lK0.[0xfa]1.+[0xb9][0x1b][0xb8]\[0xeb][\n]"
17:03:10.480 [main] DEBUG org.apache.http.wire -  << "[0xdc][0x9d][0xfa]-lP[0xfb]|8s:[0x11][0x1e]k[0xe7][0xda][0x1e][0xdc][0xdb][0x1a][0xa3][0xaa]t[0xc2][0xc]d[0x85][0xda]4[0xd1][0xa7]xB[0xe9][0xc0][0xb][0x2][0xc7][0xf7][0x9c][0xa0]7[0xf3][0xfb][0x3]/[0x1c]xQ;[0xea][0xf7]~[0xf2][0xba][0xa1]G[0xe1][0x91][0x3][0x83]![0xd7]f^[0x15][0x1e]iS[0x88]^[0xf7]?[0xe9][0xd6][0x87][0x14]t[0xa2]xI[0x5]C[0xea]/U[0xa6]-[0x83][0x95][0xb9][0xb5]JU[0xcc][0x5][0xe4][0xda]*[0x94][0x5]J[0x15]J[0xb7]I7)[0xe4]W%^[0x14]A%9[0xb5][0x88][0x89][0x1b]v[0xc7][0xc]S[0xee][0x1d][0x87][0x95][[0x87][0xf4][0x18][0xdc][0x96][0xe5]{[0xa1][0x17][0x9e]j[0xfe]7[0x9c][0xe4][0xd8][0xea]*G[0x9f]4[\n]"
17:03:10.480 [main] DEBUG org.apache.http.wire -  << "Ml[0xd4][0x9e]jn[0x98][0xbe][0xb5][0x7][0xb]&4[0xb4][0xec]Fo[0x8c])[0xd5][0xaa]-[0x1b][0xdb][0xcf][0xcd][0x86][0x8]6[0x83][0x8]z[0xb][0x88][0x9d]N/[0xc][0xf1]_[0x1a]9Q[0xea][0xc7][0x8e][0x1f][0xb3][0xb8][0x1b]{A[0x9c][0xc6][0xd4][0xfe]%[0xc7][0xe9]R[0xc9]rs[0x1]w[0x80][0xa9]y[0xf]-[0xdb]p[0x1c][0xbf][0x12]m[0xd9][0x3]Y[0x9][0xd1][0xb2][0xb1][0x1c][0xdf]!1[0xaf]j[0xc1]V[0xb7]n@[0xdd][0xd0]][0x3][0xe8][0xb0][0x1f][0x98][0xc7]L[0xcf][0xb9]b[0xd6][0xf0]jl[0xcd]F[0xd7][0xb3][0xf1][0xe4][0xb3][0xbd]wO[0x83][0xfb]k[0xad][0xa0][0x8b][0x85]Y1E[0xf1]k[0x9e][0x97][0x82][0xe3][0xa4][0xa1]Y[0xa3][0xaa]}Q[0xb0]O[0xf5][0xe4]u[0xa2]5[0xce][0xe2]K[0x2]~[0xa6]c[0xbb]\[0xf6][0xfd][0xea][0xf8]4[0xf6]Ag[0x1d]t[0xde][0xd2]G3[0x13]:gB[0xa0];[0xbf][0xb7][0xf6]{o[0xef]n[0xbd][0xf3][0x17][0x6][0xeb]0x{[0xdb][0x91]x [0xe0]Xkp[\r]{[0xf8][0xe7]_[0xd8][0xd3],S[0x90]!`<[0x19]M[0xf4]Z[0x88][0xaa][0xd9][0xe0][0x86]r[0x0]|A[0xff][0x18]#:[0xc6][0x88][0x9f][0x1a]o[0xc0][0xaa][0xa1][0xae][\n]"
17:03:10.480 [main] DEBUG org.apache.http.wire -  << "u[#[0xb2]=p[0xfc]-BQ[0xf2][0x8a]'M[0x1c][0xf7]Oh4[0x8a][0x98][0x97]^[0x16][0x95]H?r][\n]"
17:03:10.480 [main] DEBUG org.apache.http.wire -  << "[0xb6]i[0xe6][0x15][0xa9]+f[0x10][0xe9][0x1b][0x9c]|[0xe9]v5[0xf8][0xdb] [0xae][0xdb][0x18]R[0xda][0xde][0xda]<+**T[0x1d][0xe3][0xef]D[0xe0]2[0xdb]{E[0x83][0xe6][0x1b][0xb6][0x85][0x16]g[[0x6][0x5][0x98]%[0xad][0xe7][0xff]ar7[0xea][0xee]0[0xf9][0xb0]^[0xde][0xb1]B[0xfa][0xc7][0x18][0xc1]1F[0xf8][0x8]9[0xbc][0xc0][0xf4]7[0xaf][0xaa][0xca]N[0xd9][\r]_[0x82][0xda]<g[0x19]h[0x97][0xe4][0xf5][0xce][0x4]GB3[0x98]m}G[0x10][0xbc]E[0xa9][0xcb][0x1d]>[0xd7]p[0x16][0xda][0xf]OS[0xe9][0x1c][0xcb][0xb1]{[0x8c][0xd1][0xdb]1[0x4][0x9b][0x3][0xc1][0x17][0x8d][0xfe][0xe1]=[0xbe][0x17]:d[0x1c][0x9b]s?[0xa2][0x1a].[0x99][0x1e][0x95]<[0xb9][0xe0][0xf2][0xf6][0x13]q>BIo[0xe][0x99]l[0xf6][0xb7][0x9]N[0xe7][0xaa][0xe6][0xed])[0xb2][0x90]#|r0[0xbc][0xb][0xa7][0xc0]t3[0xdb]j[0xfb]e_]|[0xfd]<[0x9e][0xdc]\[0x8c][0xcf]F[0x93][0xeb][0xd1][0xcd]h:[0xfd]m[0x8a][0x15][0xc1][0x5][0xd5]XH[0x14][0x98]-[0xc1][0xba]B[0x98][0x96][0xc6]"[0xbf][0x16][0xc7][0xfb]T[0x8a][0x8d][0x85][0xbb][0xcf][0x5][0x19][0xb5]La[0xd5]x[0xa5] [0xc7]zZ[0x95][0x6][0xba]j[0x9][0x3][0xe][0xb3][0xc0][0xa5][0xb4][0xbd]8][0x1c]r`[0x1f]@[0x2][0xb6]*[0xe3][0x92][0x9][0x1c][0x1][0xec][0xe2][0xe3][0xaa][0x12][0xef][0x90][0xb6]}1m[0xcb][/[0x90][0xc0][0xe8]vH[0x83][0xf3][0x90]Ix[0xdd]s[0x83][0xc2]?eIB{7NO[0xba][0xb]6[0x8f]X[0x8f][0xcd];[0xdd]y[0x0][0x9e][0xd7][0xef][0xb0][0xb8][0xe7][0xf7][0xe8][0xda][0xda][0xb][0xa1][0xfd]g[0xc4][0xf0][0xfd][0xc7][0xc5]0M[0xd1][0x7][0xc6]g7[0x11](&[0xbf]3[0x99]s[0xfa][0x8a][0xc3][0xe8][0xe7][0x8c][0x84][0xda]IA[0xe3][0xf8][0xfc][0xe5][0xa7]![0xa9][0x14][0xb4]3[0xd5][0x88][0x91][0xce][0xe][0x88][0x83][0xa0]7[0xf]=[0xf]|[0xbf][0xbf][0xe8][0x3][0x4]q[0xcc][0x92][0x94]E[0x1e]R[0xc3](M[0x17][0xa7][0xe9]Im[0xe5]C8[0xfc][0x10]|[0xc2][0xbf]F[0xcf][0xc9][0x99][0xc4]f[0xe7][0xd8]c[0xc7]iH[0xba]]ig[0x85]Eq[0x82]6[0xa2]}[0xda].[0xab][0xb9][0xe0][0x9]U[0xcd])[0x19][0xd3]T4[0xd4][0xe7][0x12][0xb7][0xb][0xc7][0xc]?[0xa7][0x97]$*i[0xbd][0xe][0xaf][0xd2][0xf7][0x1f][0xf1][0xe1]m[0xfc][0xfe]#>[0xbc][0xcf][0xdf]{[0xc4][0x8][0x6]iseN[0x1a][0xf0][0x9d][0x8e][0xf1]m[0xf8][0xc5][0x9a][0xe]'[0xe7][0xc3][0x89]u9[0xbe][0xfe]2[0x1d][0xd6];e[0xf0][0xd9][0xb1]{[0x6][0xd2][0xea][0xff][0x81]?[0x8c]P~[0x88][0xbb][0xea][0x9e]1[0x91]T[0xe6]_[0x0][0x0][0x0][0xff][0xff][0xec]Y[0xc1]N[0xc3]0[0xc][0xfd][0x95]h[0xe7][0xa1][0x95][0xfe][0x1][0x1a][0xe2][0x3][0x10][0xe2][0x1e][0xa6][0xc0][0x90][0xda][0xb8]J[0xd3]14[0xf5][0xdf][0xb1][0x13]'[#[0x82]F[0x87][0xc6]%[0xb7][0xb6]il7[0x89][0xdf]{v[0xad]<&[0x1f][0xe9]I[0x1c][0x8d][0xd9]L[0x8e][0x86][0x8e][0x98][0xfe][0xc][0xe][0xf4][0x15][0xcd],[0x94][0xf0]S[0xa3] [0x9e][0x16]![0xbf]![0xac]#[0x1d]=[0x81][0xb8][0x87][0xc0]F[0xc1][0xb0][0xf7][0xb3][0xe6][0xa2][0xeb][0x82]PC[0xdd][0xb6][0xaa][0xd9]E[0x1d][0x94][0xbb]V[0x1f][0xf8]h[0x3][\r][0x18][0xde][0x9b][0x97]fP7x[0x94]>[0xd3][0xe0][0x1c][0xa6]C[0xdb][0xe1][0x96]h[0xcb]`[0xfb][0x13]tO[0x97]eM[0xda][0x4][0xe5][0x8b][0x80]W![0xb5]p[0xa8][0x8d]lAOHQR[0x10]i[0xbd][0x9b][0xa3][0xc3][0xc8][0xcb][0xe4][0xdd][0x95]{N[0x16][0x91]>K_[0xcd]1u[0x95][0x1d][0xc8][0xb1]s[0x15][0xd9][0xd9]e[0x9b][0x13]6[0xdf][0xbf][0x18]U[0xe9][0x84][0xe0][0xd2][0xd5]IgE[0xc9]*[0xf1][0x88]o[0xb6][0x94]y~[0x89][0xfb][0xa1]m%[0xed][0xfe][0xe2][0x1]W[0x10][0xf3][0x9c]XX[0x83][0x15][0xa4]bi[0xf9]d/[0xd4][0xbe]St[0xe8][0x97]^[0x2][0x82][0x99]uV[\n]"
17:03:10.480 [main] DEBUG org.apache.http.wire -  << "[0xf9]][0x6]s[0x85][0xfc][0xae][0x11]q![0xbf]<[0xf9]q{[0x89][0xc1][0xd9][0xa8][0xe][0x8c]U[0x5][0xc][0xfe]c[0xdb][0xb][0x18]\#[0xe2][0x2][0x6]y0[0x88][0xf2][0x3]c|[0xf3]Yw[0xa0]N,_Wh[0x17][0xac][0xe4][0x8e]q*Gr[0x8d][0x9f]*[0xd7][0xf8][0xa9]b[0xe3]'[0x1d][0x88]rM[0xe9][0xdd][0xbb][0x1][0xed][0xa5][\r]k[0xc4][0x81][0xff]"[0xf8][0xdb]s"[0xdd][0x81][0xfd][0x8b]V[0x9b]7[0x13][0xcd][0xa1][0x8f][0xad][0xec][0x9f][0xc1][0x95][0xe][0xae]y[0xe2][0xd5][0xae][0xf][0xf6][0x10].[0x19]Yg[0xba][0xbe][0xa5][0xbf],[0xab]`u[0xb9]h[0xe5][0xfe]Q[0xf5]CCfO>[0xd2][0x9]c[0xef][0xac][0xff]`[0xd2]y[\r][0x90][0xc0]=y>[0x9d]\Of[0xf3][0x4][0x17][0xeb]8[0x8e]_[0x0][0x0][0x0][0xff][0xff]"
17:03:10.480 [main] DEBUG org.apache.http.wire -  << "[\r][\n]"
17:03:10.480 [main] DEBUG org.apache.http.wire -  << "a[\r][\n]"
17:03:10.480 [main] DEBUG org.apache.http.wire -  << "[0x3][0x0][0x1]yW-[0xa6][0x1a][0x0][0x0]"
17:03:10.480 [main] DEBUG org.apache.http.wire -  << "[\r][\n]"
17:03:10.480 [main] DEBUG org.apache.http.wire -  << "0[\r][\n]"
17:03:10.480 [main] DEBUG org.apache.http.wire -  << "[\r][\n]"
17:03:10.480 [main] DEBUG io.restassured.internal.RestAssuredHttpBuilder - Parsed data to instance of: class org.apache.http.conn.EofSensorInputStream
17:03:10.480 [main] DEBUG org.apache.http.impl.conn.BasicClientConnectionManager - Releasing connection org.apache.http.impl.conn.ManagedClientConnectionImpl@208b8425
17:03:10.480 [main] DEBUG org.apache.http.impl.conn.BasicClientConnectionManager - Connection can be kept alive indefinitely
17:03:10.489 [main] DEBUG net.thucydides.core.steps.StepInterceptor - STEP DONE: getIssueDetails
]]></system-out>
  </testcase>
</testsuite>