<?xml version="1.0" encoding="UTF-8"?>
<testsuite xmlns:xsi="http://www.w3.org/2001/XMLSchema-instance" xsi:noNamespaceSchemaLocation="https://maven.apache.org/surefire/maven-failsafe-plugin/xsd/failsafe-test-report-3.0.xsd" version="3.0" name="Tests.GetIssueTest" time="0.939" tests="1" errors="0" skipped="0" failures="0">
  <properties>
[...]
</properties>
  <testcase name="getRequest" classname="Tests.GetIssueTest" time="0.912">
    <system-out><![CDATA[17:03:11.639 [main] DEBUG net.thucydides.core.steps.StepEventBus - Test suite started for class Tests.GetIssueTest
17:03:11.639 [main] INFO  - Test Suite Started: Get issue test
17:03:11.639 [main] INFO  - 
  _____   ___   ___   _____     ___   _____     _     ___   _____   ___   ___  
 |_   _| | __| / __| |_   _|   / __| |_   _|   /_\   | _ \ |_   _| | __| |   \ 
   | |   | _|  \__ \   | |     \__ \   | |    / _ \  |   /   | |   | _|  | |) |
   |_|   |___| |___/   |_|     |___/   |_|   /_/ \_\ |_|_\   |_|   |___| |___/ 

getRequest
--------------------------------------------------------------------------------
17:03:11.672 [main] DEBUG net.thucydides.core.steps.StepInterceptor - STARTING STEP: GetIssueTest.getRequest - getIssueDetails
17:03:11.676 [main] DEBUG org.apache.http.impl.conn.BasicClientConnectionManager - Get connection for route {s}->https://ritesh21.atlassian.net:443
17:03:11.676 [main] DEBUG org.apache.http.impl.conn.DefaultClientConnectionOperator - Connecting to ritesh21.atlassian.net:443
17:03:12.027 [main] DEBUG org.apache.http.client.protocol.RequestAddCookies - CookieSpec selected: ignoreCookies
17:03:12.027 [main] DEBUG org.apache.http.client.protocol.RequestAuthCache - Auth cache not set in the context
17:03:12.027 [main] DEBUG org.apache.http.client.protocol.RequestProxyAuthentication - Proxy auth state: UNCHALLENGED
17:03:12.027 [main] DEBUG org.apache.http.impl.client.DefaultHttpClient - Attempt 1 to execute request
17:03:12.027 [main] DEBUG org.apache.http.impl.conn.DefaultClientConnection - Sending request: GET /%2F%2Frest/api/2/issue/JAT-23 HTTP/1.1
17:03:12.027 [main] DEBUG org.apache.http.wire -  >> "GET /%2F%2Frest/api/2/issue/JAT-23 HTTP/1.1[\r][\n]"
17:03:12.027 [main] DEBUG org.apache.http.wire -  >> "Content-Type: application/json[\r][\n]"
17:03:12.027 [main] DEBUG org.apache.http.wire -  >> "Authorization: Basic cml0ZXNocmFuamFubWlzaHJhOTM4QGdtYWlsLmNvbTpmbk5xY2JFZTRUWGY4bnJtOUltRDkwNzg=[\r][\n]"
17:03:12.027 [main] DEBUG org.apache.http.wire -  >> "Accept: */*[\r][\n]"
17:03:12.027 [main] DEBUG org.apache.http.wire -  >> "Host: ritesh21.atlassian.net[\r][\n]"
17:03:12.027 [main] DEBUG org.apache.http.wire -  >> "Connection: Keep-Alive[\r][\n]"
17:03:12.027 [main] DEBUG org.apache.http.wire -  >> "User-Agent: Apache-HttpClient/4.5.13 (Java/11.0.13)[\r][\n]"
17:03:12.027 [main] DEBUG org.apache.http.wire -  >> "Accept-Encoding: gzip,deflate[\r][\n]"
17:03:12.027 [main] DEBUG org.apache.http.wire -  >> "[\r][\n]"
17:03:12.027 [main] DEBUG org.apache.http.headers - >> GET /%2F%2Frest/api/2/issue/JAT-23 HTTP/1.1
17:03:12.027 [main] DEBUG org.apache.http.headers - >> Content-Type: application/json
17:03:12.027 [main] DEBUG org.apache.http.headers - >> Authorization: Basic cml0ZXNocmFuamFubWlzaHJhOTM4QGdtYWlsLmNvbTpmbk5xY2JFZTRUWGY4bnJtOUltRDkwNzg=
17:03:12.027 [main] DEBUG org.apache.http.headers - >> Accept: */*
17:03:12.027 [main] DEBUG org.apache.http.headers - >> Host: ritesh21.atlassian.net
17:03:12.027 [main] DEBUG org.apache.http.headers - >> Connection: Keep-Alive
17:03:12.027 [main] DEBUG org.apache.http.headers - >> User-Agent: Apache-HttpClient/4.5.13 (Java/11.0.13)
17:03:12.027 [main] DEBUG org.apache.http.headers - >> Accept-Encoding: gzip,deflate
17:03:12.527 [main] DEBUG org.apache.http.wire -  << "HTTP/1.1 200 OK[\r][\n]"
17:03:12.527 [main] DEBUG org.apache.http.wire -  << "Date: Wed, 26 Oct 2022 11:33:11 GMT[\r][\n]"
17:03:12.527 [main] DEBUG org.apache.http.wire -  << "Content-Type: application/json;charset=UTF-8[\r][\n]"
17:03:12.527 [main] DEBUG org.apache.http.wire -  << "Server: AtlassianEdge[\r][\n]"
17:03:12.527 [main] DEBUG org.apache.http.wire -  << "Timing-Allow-Origin: *[\r][\n]"
17:03:12.527 [main] DEBUG org.apache.http.wire -  << "X-Arequestid: 282cccdbb596c25cb5527c7864c9fb91[\r][\n]"
17:03:12.527 [main] DEBUG org.apache.http.wire -  << "Set-Cookie: atlassian.xsrf.token=515d8807-db6a-4ba6-8626-62fa151662ad_2f6a6946be260a76b456e39953e46d9bf6e787f5_lin; path=/; SameSite=None; Secure[\r][\n]"
17:03:12.527 [main] DEBUG org.apache.http.wire -  << "X-Aaccountid: 5fab8a6ab45b2e0074a9616e[\r][\n]"
17:03:12.527 [main] DEBUG org.apache.http.wire -  << "Cache-Control: no-cache, no-store, no-transform[\r][\n]"
17:03:12.527 [main] DEBUG org.apache.http.wire -  << "Vary: Accept-Encoding[\r][\n]"
17:03:12.527 [main] DEBUG org.apache.http.wire -  << "Content-Encoding: gzip[\r][\n]"
17:03:12.527 [main] DEBUG org.apache.http.wire -  << "Expect-Ct: report-uri="https://web-security-reports.services.atlassian.com/expect-ct-report/atlassian-proxy", max-age=86400[\r][\n]"
17:03:12.527 [main] DEBUG org.apache.http.wire -  << "Strict-Transport-Security: max-age=63072000; preload[\r][\n]"
17:03:12.527 [main] DEBUG org.apache.http.wire -  << "X-Content-Type-Options: nosniff[\r][\n]"
17:03:12.527 [main] DEBUG org.apache.http.wire -  << "X-Xss-Protection: 1; mode=block[\r][\n]"
17:03:12.527 [main] DEBUG org.apache.http.wire -  << "Atl-Traceid: 9b4cb379bfa73de9[\r][\n]"
17:03:12.527 [main] DEBUG org.apache.http.wire -  << "Report-To: {"endpoints": [{"url": "https://dz8aopenkvv6s.cloudfront.net"}], "group": "endpoint-1", "include_subdomains": true, "max_age": 600}[\r][\n]"
17:03:12.527 [main] DEBUG org.apache.http.wire -  << "Nel: {"failure_fraction": 0.001, "include_subdomains": true, "max_age": 600, "report_to": "endpoint-1"}[\r][\n]"
17:03:12.527 [main] DEBUG org.apache.http.wire -  << "Transfer-Encoding: chunked[\r][\n]"
17:03:12.527 [main] DEBUG org.apache.http.wire -  << "[\r][\n]"
17:03:12.527 [main] DEBUG org.apache.http.impl.conn.DefaultClientConnection - Receiving response: HTTP/1.1 200 OK
17:03:12.527 [main] DEBUG org.apache.http.headers - << HTTP/1.1 200 OK
17:03:12.527 [main] DEBUG org.apache.http.headers - << Date: Wed, 26 Oct 2022 11:33:11 GMT
17:03:12.527 [main] DEBUG org.apache.http.headers - << Content-Type: application/json;charset=UTF-8
17:03:12.527 [main] DEBUG org.apache.http.headers - << Server: AtlassianEdge
17:03:12.527 [main] DEBUG org.apache.http.headers - << Timing-Allow-Origin: *
17:03:12.527 [main] DEBUG org.apache.http.headers - << X-Arequestid: 282cccdbb596c25cb5527c7864c9fb91
17:03:12.527 [main] DEBUG org.apache.http.headers - << Set-Cookie: atlassian.xsrf.token=515d8807-db6a-4ba6-8626-62fa151662ad_2f6a6946be260a76b456e39953e46d9bf6e787f5_lin; path=/; SameSite=None; Secure
17:03:12.527 [main] DEBUG org.apache.http.headers - << X-Aaccountid: 5fab8a6ab45b2e0074a9616e
17:03:12.527 [main] DEBUG org.apache.http.headers - << Cache-Control: no-cache, no-store, no-transform
17:03:12.527 [main] DEBUG org.apache.http.headers - << Vary: Accept-Encoding
17:03:12.527 [main] DEBUG org.apache.http.headers - << Content-Encoding: gzip
17:03:12.527 [main] DEBUG org.apache.http.headers - << Expect-Ct: report-uri="https://web-security-reports.services.atlassian.com/expect-ct-report/atlassian-proxy", max-age=86400
17:03:12.527 [main] DEBUG org.apache.http.headers - << Strict-Transport-Security: max-age=63072000; preload
17:03:12.527 [main] DEBUG org.apache.http.headers - << X-Content-Type-Options: nosniff
17:03:12.527 [main] DEBUG org.apache.http.headers - << X-Xss-Protection: 1; mode=block
17:03:12.527 [main] DEBUG org.apache.http.headers - << Atl-Traceid: 9b4cb379bfa73de9
17:03:12.527 [main] DEBUG org.apache.http.headers - << Report-To: {"endpoints": [{"url": "https://dz8aopenkvv6s.cloudfront.net"}], "group": "endpoint-1", "include_subdomains": true, "max_age": 600}
17:03:12.527 [main] DEBUG org.apache.http.headers - << Nel: {"failure_fraction": 0.001, "include_subdomains": true, "max_age": 600, "report_to": "endpoint-1"}
17:03:12.527 [main] DEBUG org.apache.http.headers - << Transfer-Encoding: chunked
17:03:12.527 [main] DEBUG org.apache.http.impl.client.DefaultHttpClient - Connection can be kept alive indefinitely
17:03:12.527 [main] DEBUG io.restassured.internal.RestAssuredHttpBuilder - Parsing response as: application/json;charset=UTF-8
17:03:12.527 [main] DEBUG org.apache.http.wire -  << "770[\r][\n]"
17:03:12.527 [main] DEBUG org.apache.http.wire -  << "[0x1f][0x8b][0x8][0x0][0x0][0x0][0x0][0x0][0x0][0x3][0xcc]VmO[0xe3]F[0x10][0xfe]+[0x96][0xa5][0xfb][0xd4]8~[0x8d][0xb1]#![0x9a][0xde][0x85][0xbb]PHQ[0xc8]]?T[0x15][0xda][0xd8][0x13]g[0xf]{[0xed][0xdb]]CR[0xca][0xef][0x8c][0x9d][0x84][0xd6]([0xa8] !!E[0x91]w[0xde]w^[0x9e][0xd9]{[0x13][0xd6][0x15][0x13][0xa9]94%[0x88][0x14]$[0xa4][0xa7][0x1c][0xf2]T[0xf5][0x4]+@[0xf5]T[0xb2][0x82][0x82][0xf5][0xca][\n]"
17:03:12.527 [main] DEBUG org.apache.http.wire -  << "$[0xd3][0xbc][0x14][0xaa][0x7])[0xd7][0x5]h[0xd6]KVLd[0x90][0x97]Y[0xef][0x16][0xa4]B[0x1e][0xa4]3[0xa8]$([0x10]z+[0x9b][0xd4]J[0x97][0xc5][0x92][0xc]^[0xbb][0x8e][0xe3]:}[0x9]?jPz[0xbe][0xa9][0xe0]R[0xb2]D[0xf3][0x4][0xcc][0x9e][0xc9][0xc9]?[\n]"
17:03:12.527 [main] DEBUG org.apache.http.wire -  << "x[0x1e][0x1e][0x14][0xe4]K<[0xae][0xb4][0xae][0xd4][0xd0][0xb6]%[0xd7][0xa0]V[0x9e][0xdb]g:gJq&[0xfa][0x2][0xb4][0x8d]~[0xb4][0xcd]*n{6W[0xaa][0x6]{[0xa7]~[0x3][0x1b][0xd4]>[0x1b][0xcd]-[0xcf][0xc7]c[0xe3]\[0x99][0xc3]{SaT[0xb5]J[0x98][0x86][0xac][0x94][0x9b]6[0xfa][0x14]O([0xed][0xa1][0xaa][0xe5][0xc4][0x96][0xeb][0xcd]=[0xe8][0xe][0x86][0x81][0xd7][0xf][0xc3][0xe0]'g[0xe0];[0x14][0x1e]9[0xd0][0x18]rc[0xe6]U[0xe1][0x91]6[0x85][0xe8][0xc][0xfe]u[0xdd][0xe6][0x90][0x82]J$[0xaf](aH[0xfd][0xa5][0xce][0x94][0xa1]137F%[0xcb]E[0xe][0x85]2Ji[0x80][0x94][0xa5]T}[0xd2]MJ[0xf1]U[0xe6]/[0x8a][0xa0][0x16][0x9c]J[0xc4][0xf2]kv[0xcb]4[0x93][0xf6]-[0x87];[0xbb][0x9][0xe9]1[0xb8]-[0xcb]u|[0xc7]?Q[0xfc]/8.[0xb0][0xd4]u[0x81]>[0xa9][0x15][0xda][0xd8][0xa8]<[0xf5]B3uc[0xe][0x97],W[0xd0]3[[0xbd][0x9]^[0xa9]Q[0xed][0x99]X~[0xae]7D0[0x19]D[0x10].![0xb6][0x82][0xd0][0xf7][0xf1]/[0x8d][0xac](u1[0xcf]1[0x8b][0x7][0xb1][0xe3][0xc5]iL[0xe5]_q[0xec].[0x99][0xac]6[0xe7]p[0xb]x5[0xe7][0xa1]gj[0x8e][0xed]W[0xa1]-s([0xea]<[0xef][0x99][0x98][0x8e][0xef][0x90][0xe8]W[0x95]`[0xab][0xdb][0x14][0xa0])[0xe8][0xae][0x0]t[0xd8]7[0xcc][0xe3]M[0xcf][0xb8]d[0xc6][0xe8]rb[0xcc][0xc7]W[0xf3][0xc9][0xf4][0xb3][0xb9]wO[0x8d][0xfb]k[0xa3][0xa0][0xca][0xa5][0xbe]c[0x92][0xe2]W[0xbc][0xa8]r[0x8e][0x9d][0x86]f[0xb5][0xac][0xf7]I[0xc1]:5[0x9d][0x17]D[0xeb] zQ[0xc0][0xcf]Tlw[0x97]}[0xbd][0x2][0xf7][0x8]c[0xf0][0x82][0xb5][0x17][0xbc][0xa5][0x8f][0xb6]'T[0xc1][0xf2][0x1c][0xdd][0xb9][0xe1][0xda][\r][0xdf][0xde][0xdd]z[0xe7][0xcf][0xf7][0xd6][0xbe][0xf7][0xf6][0xfe][0xb6]-[0xff][0xf0]@[0xc0][0xb1][0xfe][0xd6][0xe2][0x1a][0xd6][0xf0][0x8f]?[0xb1][0xa6]Y&!C[0xc0]x[0xd2][0x9a][0xe8][0xb5][0xcc][0xeb]v[0x82][J[0x7][0xf8][0xbc][0xa3]C[0x8c][0xe8][0x10]#~j[0xbc][0x5][0xab][0x96]zW[0xca][0x9b][0x6][0x91][0xcd][0xa1][0xe5][0xe2][0x91]i[0x4][0xea][0x16][0xe6]^:[0x1c]-|[0xb6][0x80]i[0xb7][0x86][0xa4]2[0xb7]6?[0x96]5[0xdd][0xd3]%[0x10][0xfc][0x9d][0x8]\dm[0x93]c[0x8a][0xd0][0xa0][0xfe][0x86]Y[0xa5][0xbe]o1[0xd4]u,/[0x9c][0xbb][0xe1][0xd0][0x8d][0x86]N[0xdc][0x1f][0x84][0xd1]0[0x94][0xbc]J[0x9e][0xb4][0x99][0xba]B[0xa3][0xf8][0xd1][0xac]Z[0x95]u[0x9e]~[0xe2][0xaa][0xca][0xd9]f[0xef],[0x91][0x80][0xf7][0xdf]{[0xea][0xa0]u[0xe0][0xbb];O[0xdd]L:[0x87]R[0xec][0x1e]bx[0x8f][0x98][0xc3]KL[0xe0][0xe6]Uy[0xdd])[0xdb][0xb4][0x86][0xfe]7l[0xf3][0x82]e[0xa0]l[0x92]W;[0x13][0x1c][0x9]mg[0xf6][0xd5]-a[0xf0][0x16][0xa6].v[0x0][0xdd][0xe0][0x99]oR[0x96]:W[0xf1][0xf][0xdd]18[0xc4][0x18][0x1c]b[0x84];F[0xce][0x16]@[0xc0]FC[0xd1][0xdd][0xf0]{[0xa1].[0xe3][0xd0][0x4][0xb8][0x11]%w[0xc5][0xd4][0xb8][0xe2][0xc9]9[0x17]7[0xa7][0xc4][0xf9][0x4][0x15][0xbd]FD[0xb2][0xd9][0xef][0x19][0xec][0x8a][0xbb][0x86][0xb7][0xa7][0x88]R[0x8c][0xf1]1[0xc2]pK[0xce][0x80][0xa9][0xb6][0xa7][0xe4][0xf6][0xcb][0xbc]<[0xff][0xfa]y2[0xbd]>[0x9f]|[0x1c]O[0xaf][0xc6][0xd7][0xe3][0xd9][0xec][0xb7][0x19][0xa6][\n]"
17:03:12.527 [main] DEBUG org.apache.http.wire -  << "GWa[0x86]Q`[0xbe][0x2][0xe3][0x12][0x1]\h[0x83][0xfc][0x1a][0x1c]7[0xad][0xc8]7[0x6][0xa2][0x2][0xcf][0xc9][0xa8][0xa1]K[0xa3][0xd9][0x4][0x97][0x12][\n]"
17:03:12.527 [main] DEBUG org.apache.http.wire -  << "L[0xb4]Q+[0xa0]%L[0xe8][0xd0][0xbd][0x5][0x8e][0xab][0xe9][0xfc][0xcd]i[0xa5][0x1c][\r][0xcd][0xe]X`[\r]3.X[0x8e][0xbd][0x81][0xe5]}[0x1c]b[0xe2]ui[0xdb][0xb7][0xd4]6[0xbd][0xcd][0x84][0xe4][0x18][0xdd][0xe][0x83][0xb0]Q2[0x1][0xaf]{[0x88]P[0xf8]',Ih[0xa4]'[0xe9][0xf1]`[0xc9][0x16][0x11][0xb][0xd9]"[0x18],<[0xc0][0xb8][0x3][0x16][0x87]nH[0xb]m/[0x84][0xf6][0x9f][0x11][0xc3][0x97]![0xcf]Gi[0x8a]>0>[0xb3][0x8d]@2[0xf1][0x9d][0x89][0x82][0xd3]W[0xec]G?g$[0xd4]OJ[0xea][0xd3][0xe7][0xd7][0xa2][0x82][0xa4][0x96][0xd0][0xcf]d+F:;[0x88][0xf6][0xbc]p[0xe1];[0xe][0xb8][0xee][0xd1][0xf2][0x8][0xc0][0x8b]c[0x96][0xa4],r[0x90][0xea]Gi[0xba]<I[0x8f][0x1b]+[0x1f][0xfc][0xd1][0x7][0xef][0x14][0xad][0x9e]U0[0x81][0xc5].[0xb0][0xc6][0x96][0xd5][0x92]T[0xbf]V[0xd6][0x1d]&[0xc5][0xf2][0xfa][0xb8][0x7][0xd2]~U/r[0x9e]P[0xd6][0xac][0x8a]1EIC}.p[0xec][0xb0][0xcd][0xf0]svA[0xa2][0x82][0xe6][0xae][0xbb]d[0xdf][0xc4][0xdd]=[0xfd][0xfe]#[0xee]n[0xfa][0xf7][0x1e]1[0x82]A[0xda][0xae][0xaa]i[0x8b][0xca][0xb3][0x9][0xbe][0x1a][0xbf][0x18][0xb3][0xd1][0xf4]l45.&W_f[0xa3]f[0xa6]4>Hh[0x9d][0xfd][0x3][0x0][0x0][0xff][0xff][0xec]X[0xbd]n[0x83]0[0x10]~[0x15][0xd4]=@[0x13][0xa9])[0xd9]*[0xaa]>A[0xa7]n[0x94][0x18]%[0x12]p[0x8]LK[0x87][0xbe]{[0xbf]3[0xc6][0x9]n[0xa9][0x94]D"[0x19][0xbc]%[0xd8][0xc6][0xc7][0xf9][0xee][0xfb]1[0xb]Dn[0xfd]7X&[0xcc]B[0xaf][0x6]q[0x92][0xa7][0xad][0x94][0xc9][0xa1][0xf9]Xib[0xd4]t3o[0xd4]V[0xac][0x1]l[0xb6]]o[0xc2][0xd5]&\[0x83]m[0x1f][0x6][0xe][0xec][0xbd][0xce]Y([0xd1]/5RylONa[0xb2][0x3]O[0xbd][0x92][0xf7]L[0x3]M[\r]/[0xee][0xf7][0x89][0xb5][0x1d][0xbb] [0xd4][0xc1][0xd1][0x5][0xec][0xfe]x[0x8b][0xe5][0xa0][0xe9]K[0xf1][0x89]G)[0xe5]T[0xeb][0xb3]y[0xcf][[0xb1]@)}[0xd9][0xc1])L[0xa7][0xa2][0xc2][0x91][0x94]R[0x83][0xed][0xd0]=NK[0xcc][0xda][0x4][0xca][0xc8][0xa3][0xcc]KJO[0xa1]6[0xd8][0x82][0x9f][0xb0][0xd6][0xe4] l'<E[0x87][0x86][0x97]ywe[0x4][0x95][0xe2]b]dO[0x9d]b[0xea]pr[0xc0][0xb0][0xb3]j*%l[0xfe][0x9e]8[0xc5][0xd6][0xa1][0xd1][0xab]#[0x82][0xb3][0xb3][0x93][0xa0][0x92][0xd3][0x1d]7[0x18]2y[0xc6][0xc1][0x1e][0xd6][0xab]:[0x8c][0x8e]k[0x87][0xff]d[0xfb]\[0xe8][0xe3][0xe3][0x9f][0xfe][0x96][0xd2][0x8e];[0xa7][0x95];[0xaa][0xcf]*%[0xc7][0x8d][0x97][0xa1][0xa0][0xe3][0xc6]9"v[0xdc]8[0xcd][0x8d][0x96]?[0xb4][0xb8]q[0x15].[\r]7[0xc2][0xe8][0xc3][0xd1][0xde]G[0x8f][0x11][0xec][0x0][0xf6][0x1a][0xde]VU[0xf8],us[0x19]|[0x94][[0x9f]`A[0xba]"[0xcf][0xa8][0x6][0xb4]5[0xb][0xca][0xb2]}*[0x80]4-'[0xc7][0x87][0x1][0xdf]"[0x1b])[0xda][0x1b][0x0]][0xe4][0x8c]AjD1N)[0x15][0xf6][0x9d][0x0]@G[0x90][0xa7][0x97]k[0xe8][0xfb][0xfe][0xed][0xb2]Bs9[0xd0][0xb4]E[0x91]0{[0xde][0xbd][0xe0][0xeb]Q[0xb][0xec]bJ[0x92][0x1e][0xdf][0xf]0[0xfd]$[0x8d]'[0xba]Jpbt[0x8a][0x1c]@^[0xa5][0x15][0x1c]@[0xce][0x11][0xb1][0x3][0xc8]i[0x80][0xd4][0x17][0xf7]Z[0xdc][0xd6][0xa2][0xa2]Z[\n]"
17:03:12.527 [main] DEBUG org.apache.http.wire -  << "[0x7][0x6][0xd7]8v[0x7][0x6]sD|[0xab]`[0xf0][0x3][0x0][0x0][0xff][0xff][0xc2][0xe5]bz[0x16][0x6][0xf0][0xee][0x1b][0xd0][0x8d][0xe9][0x90]\W[\r][0x9a][0xe3][0x82][0xb2][\r][0x80][0xe6][0xe6][0x97]$B[0xe7][0xe2][0xd0][0x9b][0x1f][0xb8][0x6][0xce][\r][0xe0][0x3][0xe7][0xe8][0x12][0xc6][0xb8]$[0xe0][0xdd][0xdd][0xd4][0xbc][0xb2][0xcc][0xa2][0xfc]<p[0xb][\n]"
17:03:12.527 [main] DEBUG org.apache.http.wire -  << "[0xd6][0xc7].[0x85][0xce][0xcf]B[0xb8][0xc4][0xb8][0xb4],[0xbf][0x84][0x1a][0xb3] [0x10]c[0xe0][0xc6][0x1][0xed][0xc8]H,[0xe][0xcb][0x7]7/[0xc1][0x83][0xcf][0x90][0xd1][0x2][0x88]c[0xab]aLP[0xc9]J[0xb6][0xcd][0x86][0xa0]y[0x7]}[0xa8]I [0x9e][0x19][0xf2]L1[0x98]C[0x8b][0xee]-[0x0][0x0][0x0][0xff][0xff][0xc2]([0x89]G[0xb]llYs[0xb4][0xc0][0xa6][0x87][0x8b]G[0xb]l[0xdc][0x5]vR~[\n]"
17:03:12.527 [main] DEBUG org.apache.http.wire -  << "[0xa8][0x9b][0x7][0xcc]r[\n]"
17:03:12.527 [main] DEBUG org.apache.http.wire -  << "[0xd0]BB[0x1][0x98][0xe5]J[0x14] 9O[0x1]62[0xc][0x1b]#v[0x1c]-+[0x6]*U[0x8c][0x96][0x15][0xf4]p[0xf1]hY[0x81][0xbb][0xac][0xc0]7[0x14]f[0xa4]gh[0x6][0x1f][\n]"
17:03:12.527 [main] DEBUG org.apache.http.wire -  << "[0xc3]7[0x9f]d[0xa2]g[0x8e]X[0xbd][0x91]U[0x9c][0x12][0x0][0xf6]*t9[0x6][0x0][0x0][0x0][0xff][0xff][0x8a][0xa5]l[0x99][0x1e][0xac][0x9d][0x3]497[0xb1]"([0xb5][0xb8]4[0x7][0xd4]z2[0x84][0xb7][0xe5][0xc][0xc1][0xf3]CE%[0x8e]%[0x90]v[0x1d]h8+'[0x1f]4[0xf][0x82]$[0x8e][0xaa][0xd9][0x8][0xa9]%[0x8][0xd7][0x0]j[0x92][0xc5][0xd6][0xd6][0xd6][0x2][0x0][0x0][0x0][0xff][0xff]"
17:03:12.527 [main] DEBUG org.apache.http.wire -  << "[\r][\n]"
17:03:12.527 [main] DEBUG org.apache.http.wire -  << "a[\r][\n]"
17:03:12.527 [main] DEBUG org.apache.http.wire -  << "[0x3][0x0][0xca][0x89]Qj[0xe7]([0x0][0x0]"
17:03:12.527 [main] DEBUG org.apache.http.wire -  << "[\r][\n]"
17:03:12.527 [main] DEBUG org.apache.http.wire -  << "0[\r][\n]"
17:03:12.527 [main] DEBUG org.apache.http.wire -  << "[\r][\n]"
17:03:12.527 [main] DEBUG io.restassured.internal.RestAssuredHttpBuilder - Parsed data to instance of: class org.apache.http.conn.EofSensorInputStream
17:03:12.527 [main] DEBUG org.apache.http.impl.conn.BasicClientConnectionManager - Releasing connection org.apache.http.impl.conn.ManagedClientConnectionImpl@178c4480
17:03:12.527 [main] DEBUG org.apache.http.impl.conn.BasicClientConnectionManager - Connection can be kept alive indefinitely
17:03:12.535 [main] DEBUG net.thucydides.core.steps.StepInterceptor - STEP DONE: getIssueDetails
]]></system-out>
  </testcase>
</testsuite>