<?xml version="1.0" encoding="UTF-8"?><testsuite errors="1" failures="0" name="Tests.GetIssueTest" skipped="0" tests="1" time="2.32" timestamp="2023-09-02 05:55:29"><testcase classname="Tests.GetIssueTest" name="Get request"><error message="Illegal character in path at index 4: your Jira endpoint" type="java.net.URISyntaxException">Illegal character in path at index 4: your Jira endpoint</error><system-err>Illegal character in path at index 4: your Jira endpoint&#13;
io.restassured.internal.RequestSpecificationImpl.getTargetPath(RequestSpecificationImpl.groovy:1374)&#13;
io.restassured.internal.RequestSpecificationImpl.this$2$getTargetPath(RequestSpecificationImpl.groovy)&#13;
groovy.lang.MetaMethod.doMethodInvoke(MetaMethod.java:328)&#13;
groovy.lang.MetaClassImpl.doInvokeMethod(MetaClassImpl.java:1369)&#13;
groovy.lang.MetaClassImpl.invokeMethod(MetaClassImpl.java:1103)&#13;
groovy.lang.MetaClassImpl.invokeMethod(MetaClassImpl.java:1009)&#13;
groovy.lang.MetaClassImpl.invokeMethod(MetaClassImpl.java:792)&#13;
io.restassured.internal.RequestSpecificationImpl.invokeMethod(RequestSpecificationImpl.groovy)&#13;
io.restassured.internal.RequestSpecificationImpl.partiallyApplyPathParams(RequestSpecificationImpl.groovy:1715)&#13;
groovy.lang.MetaMethod.doMethodInvoke(MetaMethod.java:328)&#13;
groovy.lang.MetaClassImpl.doInvokeMethod(MetaClassImpl.java:1369)&#13;
groovy.lang.MetaClassImpl.invokeMethod(MetaClassImpl.java:1103)&#13;
groovy.lang.MetaClassImpl.invokeMethod(MetaClassImpl.java:1009)&#13;
groovy.lang.MetaClassImpl.invokeMethod(MetaClassImpl.java:792)&#13;
io.restassured.internal.RequestSpecificationImpl.invokeMethod(RequestSpecificationImpl.groovy)&#13;
io.restassured.internal.RequestSpecificationImpl.newFilterContext(RequestSpecificationImpl.groovy:1075)&#13;
groovy.lang.MetaMethod.doMethodInvoke(MetaMethod.java:328)&#13;
groovy.lang.MetaClassImpl.doInvokeMethod(MetaClassImpl.java:1369)&#13;
groovy.lang.MetaClassImpl.invokeMethod(MetaClassImpl.java:1103)&#13;
groovy.lang.MetaClassImpl.invokeMethod(MetaClassImpl.java:1009)&#13;
groovy.lang.MetaClassImpl.invokeMethod(MetaClassImpl.java:792)&#13;
io.restassured.internal.RequestSpecificationImpl.invokeMethod(RequestSpecificationImpl.groovy)&#13;
io.restassured.internal.RequestSpecificationImpl.applyPathParamsAndSendRequest(RequestSpecificationImpl.groovy:1684)&#13;
io.restassured.internal.RequestSpecificationImpl.this$2$applyPathParamsAndSendRequest(RequestSpecificationImpl.groovy)&#13;
groovy.lang.MetaMethod.doMethodInvoke(MetaMethod.java:328)&#13;
groovy.lang.MetaClassImpl.doInvokeMethod(MetaClassImpl.java:1369)&#13;
groovy.lang.MetaClassImpl.invokeMethod(MetaClassImpl.java:1103)&#13;
groovy.lang.MetaClassImpl.invokeMethod(MetaClassImpl.java:1009)&#13;
groovy.lang.MetaClassImpl.invokeMethod(MetaClassImpl.java:792)&#13;
io.restassured.internal.RequestSpecificationImpl.invokeMethod(RequestSpecificationImpl.groovy)&#13;
io.restassured.internal.RequestSpecificationImpl.applyPathParamsAndSendRequest(RequestSpecificationImpl.groovy:1692)&#13;
io.restassured.internal.RequestSpecificationImpl.this$2$applyPathParamsAndSendRequest(RequestSpecificationImpl.groovy)&#13;
groovy.lang.MetaMethod.doMethodInvoke(MetaMethod.java:328)&#13;
groovy.lang.MetaClassImpl.doInvokeMethod(MetaClassImpl.java:1369)&#13;
groovy.lang.MetaClassImpl.invokeMethod(MetaClassImpl.java:1103)&#13;
groovy.lang.MetaClassImpl.invokeMethod(MetaClassImpl.java:1009)&#13;
groovy.lang.MetaClassImpl.invokeMethod(MetaClassImpl.java:792)&#13;
io.restassured.internal.RequestSpecificationImpl.invokeMethod(RequestSpecificationImpl.groovy)&#13;
io.restassured.internal.RequestSpecificationImpl.get(RequestSpecificationImpl.groovy:176)&#13;
net.serenitybdd.rest.decorators.request.RequestSpecificationDecorated.executeCall(RequestSpecificationDecorated.java:311)&#13;
net.serenitybdd.rest.decorators.request.RequestSpecificationDecorated.execute(RequestSpecificationDecorated.java:268)&#13;
net.serenitybdd.rest.decorators.request.RequestSpecificationDecorated.get(RequestSpecificationDecorated.java:67)&#13;
net.serenitybdd.rest.decorators.request.RequestSpecificationDecorated.get(RequestSpecificationDecorated.java:38)&#13;
EndPoints.EndPoint.getIssueDetails(EndPoint.java:34)&#13;
Tests.GetIssueTest.getRequest(GetIssueTest.java:28)&#13;
</system-err></testcase></testsuite>